[2018-09-19 12:33:40]found APPLICATION section in configuration file and try create JLupinApplicationContainer by producer class:pl.koziolekweb.cnet.configuration.OrderJLupinConfiguration
[2018-09-19 12:33:40]produced with success JLupinApplicationContainer:pl.koziolekweb.cnet.configuration.OrderJLupinConfiguration$1
[2018-09-19 12:33:41]microservice:order identity by os microservice id:12452 started correctly
[2018-09-19 12:33:41]memory state for local server after start microservice:
total memory:146.0 megabytes
free  memory:41.1  megabytes
used  memory:104.9 megabytes
max   memory:228.0 megabytes
[2018-09-19 12:33:41]microservice identity by os microservice id:12452 for microservice:order initialized correctly
[2018-09-19 12:33:41][JLPIT]-[PROCESS_ID]12452[/PROCESS_ID]-[/JLPIT]
[2018-09-19 12:33:41][JLPIOST]-[PROCESS_INIT_SUCCESS]-[/JLPIOST]
[2018-09-19 12:33:41][JLPIOST]-[PROCESS_INIT_END_OF_STREAM]-[/JLPIOST]
[2018-09-19 12:33:41]user.dir:C:\Users\bkuczynski\babun\.babun\cygwin\home\bkuczynski\workspace\priv\cnet_1_demo\platform\application\order
[2018-09-19 12:33:41]temp.dir:C:\Users\bkuczynski\babun\.babun\cygwin\home\bkuczynski\workspace\priv\cnet_1_demo\platform\start\temp
[2018-09-19 12:33:41]all microservers for microservice:order started correctly
[2018-09-19 12:33:41]servers are starting now and this operation takes so far:0 seconds (9 milliseconds)
[2018-09-19 12:33:43]application container is loading now and this operation takes so far:2 seconds (2356 milliseconds)
[2018-09-19 12:33:43]application container for:order started correctly
[2018-09-19 12:33:43]System.out and System.err was redirect to:C:\Users\bkuczynski\babun\.babun\cygwin\home\bkuczynski\workspace\priv\cnet_1_demo\platform\logs\server\order\order_system_out_%g.log
[2018-09-19 12:49:49]found APPLICATION section in configuration file and try create JLupinApplicationContainer by producer class:pl.koziolekweb.cnet.configuration.OrderJLupinConfiguration
[2018-09-19 12:49:49]produced with success JLupinApplicationContainer:pl.koziolekweb.cnet.configuration.OrderJLupinConfiguration$1
[2018-09-19 12:49:50]microservice:order identity by os microservice id:11552 started correctly
[2018-09-19 12:49:50]memory state for local server after start microservice:
total memory:147.0 megabytes
free  memory:44.3  megabytes
used  memory:102.7 megabytes
max   memory:228.0 megabytes
[2018-09-19 12:49:50]microservice identity by os microservice id:11552 for microservice:order initialized correctly
[2018-09-19 12:49:50][JLPIT]-[PROCESS_ID]11552[/PROCESS_ID]-[/JLPIT]
[2018-09-19 12:49:50][JLPIOST]-[PROCESS_INIT_SUCCESS]-[/JLPIOST]
[2018-09-19 12:49:50][JLPIOST]-[PROCESS_INIT_END_OF_STREAM]-[/JLPIOST]
[2018-09-19 12:49:50]user.dir:C:\Users\bkuczynski\babun\.babun\cygwin\home\bkuczynski\workspace\priv\cnet_1_demo\platform\application\order
[2018-09-19 12:49:50]temp.dir:C:\Users\bkuczynski\babun\.babun\cygwin\home\bkuczynski\workspace\priv\cnet_1_demo\platform\start\temp
[2018-09-19 12:49:50]all microservers for microservice:order started correctly
[2018-09-19 12:49:50]servers are starting now and this operation takes so far:0 seconds (9 milliseconds)
[2018-09-19 12:49:53]application container is loading now and this operation takes so far:2 seconds (2347 milliseconds)
[2018-09-19 12:49:53]application container for:order started correctly
[2018-09-19 12:49:53]System.out and System.err was redirect to:C:\Users\bkuczynski\babun\.babun\cygwin\home\bkuczynski\workspace\priv\cnet_1_demo\platform\logs\server\order\order_system_out_%g.log
[2018-09-19 13:02:02]found APPLICATION section in configuration file and try create JLupinApplicationContainer by producer class:pl.koziolekweb.cnet.configuration.OrderJLupinConfiguration
[2018-09-19 13:02:02]produced with success JLupinApplicationContainer:pl.koziolekweb.cnet.configuration.OrderJLupinConfiguration$1
[2018-09-19 13:02:03]microservice:order identity by os microservice id:14360 started correctly
[2018-09-19 13:02:03]memory state for local server after start microservice:
total memory:147.0 megabytes
free  memory:42.0  megabytes
used  memory:105.0 megabytes
max   memory:228.0 megabytes
[2018-09-19 13:02:03]microservice identity by os microservice id:14360 for microservice:order initialized correctly
[2018-09-19 13:02:03][JLPIT]-[PROCESS_ID]14360[/PROCESS_ID]-[/JLPIT]
[2018-09-19 13:02:03][JLPIOST]-[PROCESS_INIT_SUCCESS]-[/JLPIOST]
[2018-09-19 13:02:03][JLPIOST]-[PROCESS_INIT_END_OF_STREAM]-[/JLPIOST]
[2018-09-19 13:02:04]user.dir:C:\Users\bkuczynski\babun\.babun\cygwin\home\bkuczynski\workspace\priv\cnet_1_demo\platform\application\order
[2018-09-19 13:02:04]temp.dir:C:\Users\bkuczynski\babun\.babun\cygwin\home\bkuczynski\workspace\priv\cnet_1_demo\platform\start\temp
[2018-09-19 13:02:04]all microservers for microservice:order started correctly
[2018-09-19 13:02:04]servers are starting now and this operation takes so far:0 seconds (9 milliseconds)
[2018-09-19 13:02:05]application container is loading now and this operation takes so far:1 seconds (1949 milliseconds)
[2018-09-19 13:02:05]application container for:order started correctly
[2018-09-19 13:02:05]System.out and System.err was redirect to:C:\Users\bkuczynski\babun\.babun\cygwin\home\bkuczynski\workspace\priv\cnet_1_demo\platform\logs\server\order\order_system_out_%g.log
[2018-09-19 14:41:02]found APPLICATION section in configuration file and try create JLupinApplicationContainer by producer class:pl.koziolekweb.cnet.configuration.OrderJLupinConfiguration
[2018-09-19 14:41:02]produced with success JLupinApplicationContainer:pl.koziolekweb.cnet.configuration.OrderJLupinConfiguration$1
[2018-09-19 14:41:04]microservice:order identity by os microservice id:14100 started correctly
[2018-09-19 14:41:04]memory state for local server after start microservice:
total memory:149.5 megabytes
free  memory:57.5  megabytes
used  memory:92.0  megabytes
max   memory:228.0 megabytes
[2018-09-19 14:41:04]microservice identity by os microservice id:14100 for microservice:order initialized correctly
[2018-09-19 14:41:04][JLPIT]-[PROCESS_ID]14100[/PROCESS_ID]-[/JLPIT]
[2018-09-19 14:41:04][JLPIOST]-[PROCESS_INIT_SUCCESS]-[/JLPIOST]
[2018-09-19 14:41:04][JLPIOST]-[PROCESS_INIT_END_OF_STREAM]-[/JLPIOST]
[2018-09-19 14:41:04]user.dir:C:\Users\bkuczynski\babun\.babun\cygwin\home\bkuczynski\workspace\priv\cnet_1_demo\platform\application\order
[2018-09-19 14:41:04]temp.dir:C:\Users\bkuczynski\babun\.babun\cygwin\home\bkuczynski\workspace\priv\cnet_1_demo\platform\start\temp
[2018-09-19 14:41:04]all microservers for microservice:order started correctly
[2018-09-19 14:41:04]servers are starting now and this operation takes so far:0 seconds (9 milliseconds)
[2018-09-19 14:41:07]application container is loading now and this operation takes so far:2 seconds (2780 milliseconds)
[2018-09-19 14:41:07]application container for:order started correctly
[2018-09-19 14:41:07]System.out and System.err was redirect to:C:\Users\bkuczynski\babun\.babun\cygwin\home\bkuczynski\workspace\priv\cnet_1_demo\platform\logs\server\order\order_system_out_%g.log
[2018-09-19 16:09:59]found APPLICATION section in configuration file and try create JLupinApplicationContainer by producer class:pl.koziolekweb.cnet.configuration.OrderJLupinConfiguration
[2018-09-19 16:09:59]produced with success JLupinApplicationContainer:pl.koziolekweb.cnet.configuration.OrderJLupinConfiguration$1
[2018-09-19 16:10:00]microservice:order identity by os microservice id:16376 started correctly
[2018-09-19 16:10:00]memory state for local server after start microservice:
total memory:149.0 megabytes
free  memory:58.1  megabytes
used  memory:90.9  megabytes
max   memory:228.0 megabytes
[2018-09-19 16:10:00]microservice identity by os microservice id:16376 for microservice:order initialized correctly
[2018-09-19 16:10:00][JLPIT]-[PROCESS_ID]16376[/PROCESS_ID]-[/JLPIT]
[2018-09-19 16:10:00][JLPIOST]-[PROCESS_INIT_SUCCESS]-[/JLPIOST]
[2018-09-19 16:10:00][JLPIOST]-[PROCESS_INIT_END_OF_STREAM]-[/JLPIOST]
[2018-09-19 16:10:00]user.dir:C:\Users\bkuczynski\babun\.babun\cygwin\home\bkuczynski\workspace\priv\cnet_1_demo\platform\application\order
[2018-09-19 16:10:00]temp.dir:C:\Users\bkuczynski\babun\.babun\cygwin\home\bkuczynski\workspace\priv\cnet_1_demo\platform\start\temp
[2018-09-19 16:10:00]all microservers for microservice:order started correctly
[2018-09-19 16:10:00]servers are starting now and this operation takes so far:0 seconds (8 milliseconds)
[2018-09-19 16:10:03]application container is loading now and this operation takes so far:2 seconds (2333 milliseconds)
[2018-09-19 16:10:03]application container for:order started correctly
[2018-09-19 16:10:03]System.out and System.err was redirect to:C:\Users\bkuczynski\babun\.babun\cygwin\home\bkuczynski\workspace\priv\cnet_1_demo\platform\logs\server\order\order_system_out_%g.log
[2018-09-19 16:15:21]found APPLICATION section in configuration file and try create JLupinApplicationContainer by producer class:pl.koziolekweb.cnet.configuration.OrderJLupinConfiguration
[2018-09-19 16:15:21]produced with success JLupinApplicationContainer:pl.koziolekweb.cnet.configuration.OrderJLupinConfiguration$1
[2018-09-19 16:15:22]microservice:order identity by os microservice id:756 started correctly
[2018-09-19 16:15:22]memory state for local server after start microservice:
total memory:149.5 megabytes
free  memory:57.7  megabytes
used  memory:91.8  megabytes
max   memory:228.0 megabytes
[2018-09-19 16:15:22]microservice identity by os microservice id:756 for microservice:order initialized correctly
[2018-09-19 16:15:22][JLPIT]-[PROCESS_ID]756[/PROCESS_ID]-[/JLPIT]
[2018-09-19 16:15:22][JLPIOST]-[PROCESS_INIT_SUCCESS]-[/JLPIOST]
[2018-09-19 16:15:22][JLPIOST]-[PROCESS_INIT_END_OF_STREAM]-[/JLPIOST]
[2018-09-19 16:15:22]user.dir:C:\Users\bkuczynski\babun\.babun\cygwin\home\bkuczynski\workspace\priv\cnet_1_demo\platform\application\order
[2018-09-19 16:15:22]temp.dir:C:\Users\bkuczynski\babun\.babun\cygwin\home\bkuczynski\workspace\priv\cnet_1_demo\platform\start\temp
[2018-09-19 16:15:22]all microservers for microservice:order started correctly
[2018-09-19 16:15:22]servers are starting now and this operation takes so far:0 seconds (7 milliseconds)
[2018-09-19 16:15:24]application container is loading now and this operation takes so far:2 seconds (2420 milliseconds)
[2018-09-19 16:15:24]application container for:order started correctly
[2018-09-19 16:15:24]System.out and System.err was redirect to:C:\Users\bkuczynski\babun\.babun\cygwin\home\bkuczynski\workspace\priv\cnet_1_demo\platform\logs\server\order\order_system_out_%g.log
[2018-09-19 16:16:42]found APPLICATION section in configuration file and try create JLupinApplicationContainer by producer class:pl.koziolekweb.cnet.configuration.OrderJLupinConfiguration
[2018-09-19 16:16:42]produced with success JLupinApplicationContainer:pl.koziolekweb.cnet.configuration.OrderJLupinConfiguration$1
[2018-09-19 16:16:43]microservice:order identity by os microservice id:14132 started correctly
[2018-09-19 16:16:43]memory state for local server after start microservice:
total memory:130.5 megabytes
free  memory:40.0  megabytes
used  memory:90.5  megabytes
max   memory:228.0 megabytes
[2018-09-19 16:16:43]microservice identity by os microservice id:14132 for microservice:order initialized correctly
[2018-09-19 16:16:43][JLPIT]-[PROCESS_ID]14132[/PROCESS_ID]-[/JLPIT]
[2018-09-19 16:16:43][JLPIOST]-[PROCESS_INIT_SUCCESS]-[/JLPIOST]
[2018-09-19 16:16:43][JLPIOST]-[PROCESS_INIT_END_OF_STREAM]-[/JLPIOST]
[2018-09-19 16:16:43]user.dir:C:\Users\bkuczynski\babun\.babun\cygwin\home\bkuczynski\workspace\priv\cnet_1_demo\platform\application\order
[2018-09-19 16:16:43]temp.dir:C:\Users\bkuczynski\babun\.babun\cygwin\home\bkuczynski\workspace\priv\cnet_1_demo\platform\start\temp
[2018-09-19 16:16:43]all microservers for microservice:order started correctly
[2018-09-19 16:16:43]servers are starting now and this operation takes so far:0 seconds (10 milliseconds)
[2018-09-19 16:16:46]application container is loading now and this operation takes so far:2 seconds (2584 milliseconds)
[2018-09-19 16:16:46]application container for:order started correctly
[2018-09-19 16:16:46]System.out and System.err was redirect to:C:\Users\bkuczynski\babun\.babun\cygwin\home\bkuczynski\workspace\priv\cnet_1_demo\platform\logs\server\order\order_system_out_%g.log
[2018-09-20 10:08:45]found APPLICATION section in configuration file and try create JLupinApplicationContainer by producer class:pl.koziolekweb.cnet.configuration.OrderJLupinConfiguration
[2018-09-20 10:08:46]produced with success JLupinApplicationContainer:pl.koziolekweb.cnet.configuration.OrderJLupinConfiguration$1
[2018-09-20 10:08:47]microservice:order identity by os microservice id:15372 started correctly
[2018-09-20 10:08:47]memory state for local server after start microservice:
total memory:149.0 megabytes
free  memory:59.9  megabytes
used  memory:89.1  megabytes
max   memory:228.0 megabytes
[2018-09-20 10:08:47]microservice identity by os microservice id:15372 for microservice:order initialized correctly
[2018-09-20 10:08:47][JLPIT]-[PROCESS_ID]15372[/PROCESS_ID]-[/JLPIT]
[2018-09-20 10:08:47][JLPIOST]-[PROCESS_INIT_SUCCESS]-[/JLPIOST]
[2018-09-20 10:08:47][JLPIOST]-[PROCESS_INIT_END_OF_STREAM]-[/JLPIOST]
[2018-09-20 10:08:47]user.dir:C:\Users\bkuczynski\babun\.babun\cygwin\home\bkuczynski\workspace\priv\cnet_1_demo\platform\application\order
[2018-09-20 10:08:47]temp.dir:C:\Users\bkuczynski\babun\.babun\cygwin\home\bkuczynski\workspace\priv\cnet_1_demo\platform\start\temp
[2018-09-20 10:08:47]all microservers for microservice:order started correctly
[2018-09-20 10:08:47]servers are starting now and this operation takes so far:0 seconds (17 milliseconds)
[2018-09-20 10:08:49]application container is loading now and this operation takes so far:2 seconds (2432 milliseconds)
[2018-09-20 10:08:49]application container for:order started correctly
[2018-09-20 10:08:49]System.out and System.err was redirect to:C:\Users\bkuczynski\babun\.babun\cygwin\home\bkuczynski\workspace\priv\cnet_1_demo\platform\logs\server\order\order_system_out_%g.log
[2018-09-20 10:12:59]found APPLICATION section in configuration file and try create JLupinApplicationContainer by producer class:pl.koziolekweb.cnet.configuration.OrderJLupinConfiguration
[2018-09-20 10:12:59]produced with success JLupinApplicationContainer:pl.koziolekweb.cnet.configuration.OrderJLupinConfiguration$1
[2018-09-20 10:13:00]microservice:order identity by os microservice id:8140 started correctly
[2018-09-20 10:13:00]memory state for local server after start microservice:
total memory:149.5 megabytes
free  memory:57.4  megabytes
used  memory:92.1  megabytes
max   memory:228.0 megabytes
[2018-09-20 10:13:00]microservice identity by os microservice id:8140 for microservice:order initialized correctly
[2018-09-20 10:13:00][JLPIT]-[PROCESS_ID]8140[/PROCESS_ID]-[/JLPIT]
[2018-09-20 10:13:00][JLPIOST]-[PROCESS_INIT_SUCCESS]-[/JLPIOST]
[2018-09-20 10:13:00][JLPIOST]-[PROCESS_INIT_END_OF_STREAM]-[/JLPIOST]
[2018-09-20 10:13:00]user.dir:C:\Users\bkuczynski\babun\.babun\cygwin\home\bkuczynski\workspace\priv\cnet_1_demo\platform\application\order
[2018-09-20 10:13:00]temp.dir:C:\Users\bkuczynski\babun\.babun\cygwin\home\bkuczynski\workspace\priv\cnet_1_demo\platform\start\temp
[2018-09-20 10:13:00]all microservers for microservice:order started correctly
[2018-09-20 10:13:00]servers are starting now and this operation takes so far:0 seconds (10 milliseconds)
[2018-09-20 10:13:02]application container is loading now and this operation takes so far:2 seconds (2086 milliseconds)
[2018-09-20 10:13:02]application container for:order started correctly
[2018-09-20 10:13:02]System.out and System.err was redirect to:C:\Users\bkuczynski\babun\.babun\cygwin\home\bkuczynski\workspace\priv\cnet_1_demo\platform\logs\server\order\order_system_out_%g.log
[2018-09-20 10:26:29]found APPLICATION section in configuration file and try create JLupinApplicationContainer by producer class:pl.koziolekweb.cnet.configuration.OrderJLupinConfiguration
[2018-09-20 10:26:29]produced with success JLupinApplicationContainer:pl.koziolekweb.cnet.configuration.OrderJLupinConfiguration$1
[2018-09-20 10:26:30]microservice:order identity by os microservice id:4028 started correctly
[2018-09-20 10:26:30]memory state for local server after start microservice:
total memory:128.0 megabytes
free  memory:62.5  megabytes
used  memory:65.5  megabytes
max   memory:256.0 megabytes
[2018-09-20 10:26:30]microservice identity by os microservice id:4028 for microservice:order initialized correctly
[2018-09-20 10:26:30][JLPIT]-[PROCESS_ID]4028[/PROCESS_ID]-[/JLPIT]
[2018-09-20 10:26:30][JLPIOST]-[PROCESS_INIT_SUCCESS]-[/JLPIOST]
[2018-09-20 10:26:30][JLPIOST]-[PROCESS_INIT_END_OF_STREAM]-[/JLPIOST]
[2018-09-20 10:26:30]user.dir:C:\Users\bkuczynski\babun\.babun\cygwin\home\bkuczynski\workspace\priv\cnet_1_demo\platform\application\order
[2018-09-20 10:26:30]temp.dir:C:\Users\bkuczynski\babun\.babun\cygwin\home\bkuczynski\workspace\priv\cnet_1_demo\platform\start\temp
[2018-09-20 10:26:30]all microservers for microservice:order started correctly
[2018-09-20 10:26:30]servers are starting now and this operation takes so far:0 seconds (15 milliseconds)
[2018-09-20 10:26:32]application container is loading now and this operation takes so far:2 seconds (2266 milliseconds)
[2018-09-20 10:26:32]application container for:order started correctly
[2018-09-20 10:26:32]System.out and System.err was redirect to:C:\Users\bkuczynski\babun\.babun\cygwin\home\bkuczynski\workspace\priv\cnet_1_demo\platform\logs\server\order\order_system_out_%g.log
[2018-09-20 10:28:09]found APPLICATION section in configuration file and try create JLupinApplicationContainer by producer class:pl.koziolekweb.cnet.configuration.OrderJLupinConfiguration
[2018-09-20 10:28:09]produced with success JLupinApplicationContainer:pl.koziolekweb.cnet.configuration.OrderJLupinConfiguration$1
[2018-09-20 10:28:11]microservice:order identity by os microservice id:15096 started correctly
[2018-09-20 10:28:11]memory state for local server after start microservice:
total memory:128.0 megabytes
free  memory:65.5  megabytes
used  memory:62.5  megabytes
max   memory:256.0 megabytes
[2018-09-20 10:28:11]microservice identity by os microservice id:15096 for microservice:order initialized correctly
[2018-09-20 10:28:11][JLPIT]-[PROCESS_ID]15096[/PROCESS_ID]-[/JLPIT]
[2018-09-20 10:28:11][JLPIOST]-[PROCESS_INIT_SUCCESS]-[/JLPIOST]
[2018-09-20 10:28:11][JLPIOST]-[PROCESS_INIT_END_OF_STREAM]-[/JLPIOST]
[2018-09-20 10:28:11]user.dir:C:\Users\bkuczynski\babun\.babun\cygwin\home\bkuczynski\workspace\priv\cnet_1_demo\platform\application\order
[2018-09-20 10:28:11]temp.dir:C:\Users\bkuczynski\babun\.babun\cygwin\home\bkuczynski\workspace\priv\cnet_1_demo\platform\start\temp
[2018-09-20 10:28:11]all microservers for microservice:order started correctly
[2018-09-20 10:28:11]servers are starting now and this operation takes so far:0 seconds (4 milliseconds)
[2018-09-20 10:28:14]application container is loading now and this operation takes so far:2 seconds (2631 milliseconds)
[2018-09-20 10:28:14]application container for:order started correctly
[2018-09-20 10:28:14]System.out and System.err was redirect to:C:\Users\bkuczynski\babun\.babun\cygwin\home\bkuczynski\workspace\priv\cnet_1_demo\platform\logs\server\order\order_system_out_%g.log
[2018-09-20 11:14:56]found APPLICATION section in configuration file and try create JLupinApplicationContainer by producer class:pl.koziolekweb.cnet.configuration.OrderJLupinConfiguration
[2018-09-20 11:14:56]produced with success JLupinApplicationContainer:pl.koziolekweb.cnet.configuration.OrderJLupinConfiguration$1
[2018-09-20 11:14:58]microservice:order identity by os microservice id:7584 started correctly
[2018-09-20 11:14:58]memory state for local server after start microservice:
total memory:128.0 megabytes
free  memory:65.8  megabytes
used  memory:62.2  megabytes
max   memory:256.0 megabytes
[2018-09-20 11:14:58]microservice identity by os microservice id:7584 for microservice:order initialized correctly
[2018-09-20 11:14:58][JLPIT]-[PROCESS_ID]7584[/PROCESS_ID]-[/JLPIT]
[2018-09-20 11:14:58][JLPIOST]-[PROCESS_INIT_SUCCESS]-[/JLPIOST]
[2018-09-20 11:14:58][JLPIOST]-[PROCESS_INIT_END_OF_STREAM]-[/JLPIOST]
[2018-09-20 11:14:58]user.dir:C:\Users\bkuczynski\babun\.babun\cygwin\home\bkuczynski\workspace\priv\cnet_1_demo\platform\application\order
[2018-09-20 11:14:58]temp.dir:C:\Users\bkuczynski\babun\.babun\cygwin\home\bkuczynski\workspace\priv\cnet_1_demo\platform\start\temp
[2018-09-20 11:14:58]all microservers for microservice:order started correctly
[2018-09-20 11:14:58]servers are starting now and this operation takes so far:0 seconds (11 milliseconds)
[2018-09-20 11:15:03]application container is loading now and this operation takes so far:4 seconds (4487 milliseconds)
[2018-09-20 11:15:03]application container for:order started correctly
[2018-09-20 11:15:03]System.out and System.err was redirect to:C:\Users\bkuczynski\babun\.babun\cygwin\home\bkuczynski\workspace\priv\cnet_1_demo\platform\logs\server\order\order_system_out_%g.log
[2018-09-20 11:22:56]found APPLICATION section in configuration file and try create JLupinApplicationContainer by producer class:pl.koziolekweb.cnet.configuration.OrderJLupinConfiguration
[2018-09-20 11:22:56]produced with success JLupinApplicationContainer:pl.koziolekweb.cnet.configuration.OrderJLupinConfiguration$1
[2018-09-20 11:22:57]microservice:order identity by os microservice id:11412 started correctly
[2018-09-20 11:22:57]memory state for local server after start microservice:
total memory:128.0 megabytes
free  memory:67.2  megabytes
used  memory:60.8  megabytes
max   memory:256.0 megabytes
[2018-09-20 11:22:57]microservice identity by os microservice id:11412 for microservice:order initialized correctly
[2018-09-20 11:22:57][JLPIT]-[PROCESS_ID]11412[/PROCESS_ID]-[/JLPIT]
[2018-09-20 11:22:57][JLPIOST]-[PROCESS_INIT_SUCCESS]-[/JLPIOST]
[2018-09-20 11:22:57][JLPIOST]-[PROCESS_INIT_END_OF_STREAM]-[/JLPIOST]
[2018-09-20 11:22:57]user.dir:C:\Users\bkuczynski\babun\.babun\cygwin\home\bkuczynski\workspace\priv\cnet_1_demo\platform\application\order
[2018-09-20 11:22:57]temp.dir:C:\Users\bkuczynski\babun\.babun\cygwin\home\bkuczynski\workspace\priv\cnet_1_demo\platform\start\temp
[2018-09-20 11:22:57]all microservers for microservice:order started correctly
[2018-09-20 11:23:00]application container is loading now and this operation takes so far:2 seconds (2602 milliseconds)
[2018-09-20 11:23:00]application container for:order started correctly
[2018-09-20 11:23:00]System.out and System.err was redirect to:C:\Users\bkuczynski\babun\.babun\cygwin\home\bkuczynski\workspace\priv\cnet_1_demo\platform\logs\server\order\order_system_out_%g.log
