[2018-09-19 12:34:00]microservice:gateway identity by os microservice id:2604 started correctly
[2018-09-19 12:34:00]memory state for local server after start microservice:
total memory:239.5 megabytes
free  memory:107.2 megabytes
used  memory:132.3 megabytes
max   memory:455.5 megabytes
[2018-09-19 12:34:00]microservice identity by os microservice id:2604 for microservice:gateway initialized correctly
[2018-09-19 12:34:00][JLPIT]-[PROCESS_ID]2604[/PROCESS_ID]-[/JLPIT]
[2018-09-19 12:34:00][JLPIOST]-[PROCESS_INIT_SUCCESS]-[/JLPIOST]
[2018-09-19 12:34:00][JLPIOST]-[PROCESS_INIT_END_OF_STREAM]-[/JLPIOST]
[2018-09-19 12:34:00]user.dir:C:\Users\bkuczynski\babun\.babun\cygwin\home\bkuczynski\workspace\priv\cnet_1_demo\platform\application\gateway
[2018-09-19 12:34:00]temp.dir:C:\Users\bkuczynski\babun\.babun\cygwin\home\bkuczynski\workspace\priv\cnet_1_demo\platform\start\temp
[2018-09-19 12:34:01]  .   ____          _            __ _ _
[2018-09-19 12:34:01] /\\ / ___'_ __ _ _(_)_ __  __ _ \ \ \ \
[2018-09-19 12:34:01]( ( )\___ | '_ | '_| | '_ \/ _` | \ \ \ \
[2018-09-19 12:34:01] \\/  ___)| |_)| | | | | || (_| |  ) ) ) )
[2018-09-19 12:34:01]  '  |____| .__|_| |_|_| |_\__, | / / / /
[2018-09-19 12:34:01] =========|_|==============|___/=/_/_/_/
[2018-09-19 12:34:01] :: Spring Boot ::        (v2.0.2.RELEASE)
[2018-09-19 12:34:05]servers are starting now and this operation takes so far:5 seconds (5170 milliseconds)
[2018-09-19 12:34:05]bad log file exists try delete them:C:\Users\bkuczynski\babun\.babun\cygwin\home\bkuczynski\workspace\priv\cnet_1_demo\platform\application\logs
[2018-09-19 12:34:05]all microservers for microservice:gateway started correctly
[2018-09-19 12:34:05]servers are starting now and this operation takes so far:5 seconds (5524 milliseconds)
[2018-09-19 12:50:09]microservice:gateway identity by os microservice id:10424 started correctly
[2018-09-19 12:50:09]memory state for local server after start microservice:
total memory:240.0 megabytes
free  memory:108.6 megabytes
used  memory:131.4 megabytes
max   memory:455.5 megabytes
[2018-09-19 12:50:09]microservice identity by os microservice id:10424 for microservice:gateway initialized correctly
[2018-09-19 12:50:09][JLPIT]-[PROCESS_ID]10424[/PROCESS_ID]-[/JLPIT]
[2018-09-19 12:50:09][JLPIOST]-[PROCESS_INIT_SUCCESS]-[/JLPIOST]
[2018-09-19 12:50:09][JLPIOST]-[PROCESS_INIT_END_OF_STREAM]-[/JLPIOST]
[2018-09-19 12:50:09]user.dir:C:\Users\bkuczynski\babun\.babun\cygwin\home\bkuczynski\workspace\priv\cnet_1_demo\platform\application\gateway
[2018-09-19 12:50:09]temp.dir:C:\Users\bkuczynski\babun\.babun\cygwin\home\bkuczynski\workspace\priv\cnet_1_demo\platform\start\temp
[2018-09-19 12:50:11]  .   ____          _            __ _ _
[2018-09-19 12:50:11] /\\ / ___'_ __ _ _(_)_ __  __ _ \ \ \ \
[2018-09-19 12:50:11]( ( )\___ | '_ | '_| | '_ \/ _` | \ \ \ \
[2018-09-19 12:50:11] \\/  ___)| |_)| | | | | || (_| |  ) ) ) )
[2018-09-19 12:50:11]  '  |____| .__|_| |_|_| |_\__, | / / / /
[2018-09-19 12:50:11] =========|_|==============|___/=/_/_/_/
[2018-09-19 12:50:11] :: Spring Boot ::        (v2.0.2.RELEASE)
[2018-09-19 12:50:15]servers are starting now and this operation takes so far:5 seconds (5842 milliseconds)
[2018-09-19 12:50:17]bad log file exists try delete them:C:\Users\bkuczynski\babun\.babun\cygwin\home\bkuczynski\workspace\priv\cnet_1_demo\platform\application\logs
[2018-09-19 12:50:17]all microservers for microservice:gateway started correctly
[2018-09-19 12:50:17]servers are starting now and this operation takes so far:7 seconds (7947 milliseconds)
[2018-09-19 13:02:21]microservice:gateway identity by os microservice id:8696 started correctly
[2018-09-19 13:02:21]memory state for local server after start microservice:
total memory:243.0 megabytes
free  memory:107.4 megabytes
used  memory:135.6 megabytes
max   memory:455.5 megabytes
[2018-09-19 13:02:21]microservice identity by os microservice id:8696 for microservice:gateway initialized correctly
[2018-09-19 13:02:21][JLPIT]-[PROCESS_ID]8696[/PROCESS_ID]-[/JLPIT]
[2018-09-19 13:02:21][JLPIOST]-[PROCESS_INIT_SUCCESS]-[/JLPIOST]
[2018-09-19 13:02:21][JLPIOST]-[PROCESS_INIT_END_OF_STREAM]-[/JLPIOST]
[2018-09-19 13:02:21]user.dir:C:\Users\bkuczynski\babun\.babun\cygwin\home\bkuczynski\workspace\priv\cnet_1_demo\platform\application\gateway
[2018-09-19 13:02:21]temp.dir:C:\Users\bkuczynski\babun\.babun\cygwin\home\bkuczynski\workspace\priv\cnet_1_demo\platform\start\temp
[2018-09-19 13:02:23]  .   ____          _            __ _ _
[2018-09-19 13:02:23] /\\ / ___'_ __ _ _(_)_ __  __ _ \ \ \ \
[2018-09-19 13:02:23]( ( )\___ | '_ | '_| | '_ \/ _` | \ \ \ \
[2018-09-19 13:02:23] \\/  ___)| |_)| | | | | || (_| |  ) ) ) )
[2018-09-19 13:02:23]  '  |____| .__|_| |_|_| |_\__, | / / / /
[2018-09-19 13:02:23] =========|_|==============|___/=/_/_/_/
[2018-09-19 13:02:23] :: Spring Boot ::        (v2.0.2.RELEASE)
[2018-09-19 13:02:27]servers are starting now and this operation takes so far:5 seconds (5657 milliseconds)
[2018-09-19 13:02:29]bad log file exists try delete them:C:\Users\bkuczynski\babun\.babun\cygwin\home\bkuczynski\workspace\priv\cnet_1_demo\platform\application\logs
[2018-09-19 13:02:29]all microservers for microservice:gateway started correctly
[2018-09-19 13:02:29]servers are starting now and this operation takes so far:7 seconds (7177 milliseconds)
[2018-09-19 14:41:21]microservice:gateway identity by os microservice id:4860 started correctly
[2018-09-19 14:41:21]memory state for local server after start microservice:
total memory:238.5 megabytes
free  memory:106.2 megabytes
used  memory:132.3 megabytes
max   memory:455.5 megabytes
[2018-09-19 14:41:21]microservice identity by os microservice id:4860 for microservice:gateway initialized correctly
[2018-09-19 14:41:21][JLPIT]-[PROCESS_ID]4860[/PROCESS_ID]-[/JLPIT]
[2018-09-19 14:41:21][JLPIOST]-[PROCESS_INIT_SUCCESS]-[/JLPIOST]
[2018-09-19 14:41:21][JLPIOST]-[PROCESS_INIT_END_OF_STREAM]-[/JLPIOST]
[2018-09-19 14:41:21]user.dir:C:\Users\bkuczynski\babun\.babun\cygwin\home\bkuczynski\workspace\priv\cnet_1_demo\platform\application\gateway
[2018-09-19 14:41:21]temp.dir:C:\Users\bkuczynski\babun\.babun\cygwin\home\bkuczynski\workspace\priv\cnet_1_demo\platform\start\temp
[2018-09-19 14:41:22]  .   ____          _            __ _ _
[2018-09-19 14:41:22] /\\ / ___'_ __ _ _(_)_ __  __ _ \ \ \ \
[2018-09-19 14:41:22]( ( )\___ | '_ | '_| | '_ \/ _` | \ \ \ \
[2018-09-19 14:41:22] \\/  ___)| |_)| | | | | || (_| |  ) ) ) )
[2018-09-19 14:41:22]  '  |____| .__|_| |_|_| |_\__, | / / / /
[2018-09-19 14:41:22] =========|_|==============|___/=/_/_/_/
[2018-09-19 14:41:22] :: Spring Boot ::        (v2.0.2.RELEASE)
[2018-09-19 14:41:26]servers are starting now and this operation takes so far:5 seconds (5074 milliseconds)
[2018-09-19 14:41:26]bad log file exists try delete them:C:\Users\bkuczynski\babun\.babun\cygwin\home\bkuczynski\workspace\priv\cnet_1_demo\platform\application\logs
[2018-09-19 14:41:26]all microservers for microservice:gateway started correctly
[2018-09-19 14:41:26]servers are starting now and this operation takes so far:5 seconds (5284 milliseconds)
[2018-09-19 16:10:17]microservice:gateway identity by os microservice id:6196 started correctly
[2018-09-19 16:10:17]memory state for local server after start microservice:
total memory:240.0 megabytes
free  memory:107.6 megabytes
used  memory:132.4 megabytes
max   memory:455.5 megabytes
[2018-09-19 16:10:17]microservice identity by os microservice id:6196 for microservice:gateway initialized correctly
[2018-09-19 16:10:17][JLPIT]-[PROCESS_ID]6196[/PROCESS_ID]-[/JLPIT]
[2018-09-19 16:10:17][JLPIOST]-[PROCESS_INIT_SUCCESS]-[/JLPIOST]
[2018-09-19 16:10:17][JLPIOST]-[PROCESS_INIT_END_OF_STREAM]-[/JLPIOST]
[2018-09-19 16:10:17]user.dir:C:\Users\bkuczynski\babun\.babun\cygwin\home\bkuczynski\workspace\priv\cnet_1_demo\platform\application\gateway
[2018-09-19 16:10:17]temp.dir:C:\Users\bkuczynski\babun\.babun\cygwin\home\bkuczynski\workspace\priv\cnet_1_demo\platform\start\temp
[2018-09-19 16:10:19]  .   ____          _            __ _ _
[2018-09-19 16:10:19] /\\ / ___'_ __ _ _(_)_ __  __ _ \ \ \ \
[2018-09-19 16:10:19]( ( )\___ | '_ | '_| | '_ \/ _` | \ \ \ \
[2018-09-19 16:10:19] \\/  ___)| |_)| | | | | || (_| |  ) ) ) )
[2018-09-19 16:10:19]  '  |____| .__|_| |_|_| |_\__, | / / / /
[2018-09-19 16:10:19] =========|_|==============|___/=/_/_/_/
[2018-09-19 16:10:19] :: Spring Boot ::        (v2.0.2.RELEASE)
[2018-09-19 16:10:23]bad log file exists try delete them:C:\Users\bkuczynski\babun\.babun\cygwin\home\bkuczynski\workspace\priv\cnet_1_demo\platform\application\logs
[2018-09-19 16:10:23]servers are starting now and this operation takes so far:5 seconds (5744 milliseconds)
[2018-09-19 16:10:23]all microservers for microservice:gateway started correctly
[2018-09-19 16:10:23]servers are starting now and this operation takes so far:5 seconds (5747 milliseconds)
[2018-09-19 16:15:37]microservice:gateway identity by os microservice id:8132 started correctly
[2018-09-19 16:15:37]memory state for local server after start microservice:
total memory:239.0 megabytes
free  memory:105.7 megabytes
used  memory:133.3 megabytes
max   memory:455.5 megabytes
[2018-09-19 16:15:37]microservice identity by os microservice id:8132 for microservice:gateway initialized correctly
[2018-09-19 16:15:37][JLPIT]-[PROCESS_ID]8132[/PROCESS_ID]-[/JLPIT]
[2018-09-19 16:15:37][JLPIOST]-[PROCESS_INIT_SUCCESS]-[/JLPIOST]
[2018-09-19 16:15:37][JLPIOST]-[PROCESS_INIT_END_OF_STREAM]-[/JLPIOST]
[2018-09-19 16:15:37]user.dir:C:\Users\bkuczynski\babun\.babun\cygwin\home\bkuczynski\workspace\priv\cnet_1_demo\platform\application\gateway
[2018-09-19 16:15:37]temp.dir:C:\Users\bkuczynski\babun\.babun\cygwin\home\bkuczynski\workspace\priv\cnet_1_demo\platform\start\temp
[2018-09-19 16:15:38]  .   ____          _            __ _ _
[2018-09-19 16:15:38] /\\ / ___'_ __ _ _(_)_ __  __ _ \ \ \ \
[2018-09-19 16:15:38]( ( )\___ | '_ | '_| | '_ \/ _` | \ \ \ \
[2018-09-19 16:15:38] \\/  ___)| |_)| | | | | || (_| |  ) ) ) )
[2018-09-19 16:15:38]  '  |____| .__|_| |_|_| |_\__, | / / / /
[2018-09-19 16:15:38] =========|_|==============|___/=/_/_/_/
[2018-09-19 16:15:38] :: Spring Boot ::        (v2.0.2.RELEASE)
[2018-09-19 16:15:42]servers are starting now and this operation takes so far:5 seconds (5156 milliseconds)
[2018-09-19 16:15:43]bad log file exists try delete them:C:\Users\bkuczynski\babun\.babun\cygwin\home\bkuczynski\workspace\priv\cnet_1_demo\platform\application\logs
[2018-09-19 16:15:43]all microservers for microservice:gateway started correctly
[2018-09-19 16:15:43]servers are starting now and this operation takes so far:6 seconds (6332 milliseconds)
[2018-09-19 16:17:29]microservice:gateway identity by os microservice id:2084 started correctly
[2018-09-19 16:17:29]memory state for local server after start microservice:
total memory:238.5 megabytes
free  memory:106.2 megabytes
used  memory:132.3 megabytes
max   memory:455.5 megabytes
[2018-09-19 16:17:29]microservice identity by os microservice id:2084 for microservice:gateway initialized correctly
[2018-09-19 16:17:29][JLPIT]-[PROCESS_ID]2084[/PROCESS_ID]-[/JLPIT]
[2018-09-19 16:17:29][JLPIOST]-[PROCESS_INIT_SUCCESS]-[/JLPIOST]
[2018-09-19 16:17:29][JLPIOST]-[PROCESS_INIT_END_OF_STREAM]-[/JLPIOST]
[2018-09-19 16:17:29]user.dir:C:\Users\bkuczynski\babun\.babun\cygwin\home\bkuczynski\workspace\priv\cnet_1_demo\platform\application\gateway
[2018-09-19 16:17:29]temp.dir:C:\Users\bkuczynski\babun\.babun\cygwin\home\bkuczynski\workspace\priv\cnet_1_demo\platform\start\temp
[2018-09-19 16:17:30]  .   ____          _            __ _ _
[2018-09-19 16:17:30] /\\ / ___'_ __ _ _(_)_ __  __ _ \ \ \ \
[2018-09-19 16:17:30]( ( )\___ | '_ | '_| | '_ \/ _` | \ \ \ \
[2018-09-19 16:17:30] \\/  ___)| |_)| | | | | || (_| |  ) ) ) )
[2018-09-19 16:17:30]  '  |____| .__|_| |_|_| |_\__, | / / / /
[2018-09-19 16:17:30] =========|_|==============|___/=/_/_/_/
[2018-09-19 16:17:30] :: Spring Boot ::        (v2.0.2.RELEASE)
[2018-09-19 16:17:34]bad log file exists try delete them:C:\Users\bkuczynski\babun\.babun\cygwin\home\bkuczynski\workspace\priv\cnet_1_demo\platform\application\logs
[2018-09-19 16:17:34]all microservers for microservice:gateway started correctly
[2018-09-19 16:17:34]servers are starting now and this operation takes so far:4 seconds (4752 milliseconds)
[2018-09-20 10:09:06]microservice:gateway identity by os microservice id:2828 started correctly
[2018-09-20 10:09:06]memory state for local server after start microservice:
total memory:242.5 megabytes
free  memory:110.1 megabytes
used  memory:132.4 megabytes
max   memory:455.5 megabytes
[2018-09-20 10:09:06]microservice identity by os microservice id:2828 for microservice:gateway initialized correctly
[2018-09-20 10:09:06][JLPIT]-[PROCESS_ID]2828[/PROCESS_ID]-[/JLPIT]
[2018-09-20 10:09:06][JLPIOST]-[PROCESS_INIT_SUCCESS]-[/JLPIOST]
[2018-09-20 10:09:06][JLPIOST]-[PROCESS_INIT_END_OF_STREAM]-[/JLPIOST]
[2018-09-20 10:09:06]user.dir:C:\Users\bkuczynski\babun\.babun\cygwin\home\bkuczynski\workspace\priv\cnet_1_demo\platform\application\gateway
[2018-09-20 10:09:06]temp.dir:C:\Users\bkuczynski\babun\.babun\cygwin\home\bkuczynski\workspace\priv\cnet_1_demo\platform\start\temp
[2018-09-20 10:09:07]  .   ____          _            __ _ _
[2018-09-20 10:09:07] /\\ / ___'_ __ _ _(_)_ __  __ _ \ \ \ \
[2018-09-20 10:09:07]( ( )\___ | '_ | '_| | '_ \/ _` | \ \ \ \
[2018-09-20 10:09:07] \\/  ___)| |_)| | | | | || (_| |  ) ) ) )
[2018-09-20 10:09:07]  '  |____| .__|_| |_|_| |_\__, | / / / /
[2018-09-20 10:09:07] =========|_|==============|___/=/_/_/_/
[2018-09-20 10:09:07] :: Spring Boot ::        (v2.0.2.RELEASE)
[2018-09-20 10:09:11]servers are starting now and this operation takes so far:5 seconds (5535 milliseconds)
[2018-09-20 10:09:12]bad log file exists try delete them:C:\Users\bkuczynski\babun\.babun\cygwin\home\bkuczynski\workspace\priv\cnet_1_demo\platform\application\logs
[2018-09-20 10:09:12]all microservers for microservice:gateway started correctly
[2018-09-20 10:09:12]servers are starting now and this operation takes so far:6 seconds (6110 milliseconds)
[2018-09-20 10:13:24]microservice:gateway identity by os microservice id:15680 started correctly
[2018-09-20 10:13:24]memory state for local server after start microservice:
total memory:250.0 megabytes
free  memory:96.8  megabytes
used  memory:153.2 megabytes
max   memory:455.5 megabytes
[2018-09-20 10:13:24]microservice identity by os microservice id:15680 for microservice:gateway initialized correctly
[2018-09-20 10:13:24][JLPIT]-[PROCESS_ID]15680[/PROCESS_ID]-[/JLPIT]
[2018-09-20 10:13:24][JLPIOST]-[PROCESS_INIT_SUCCESS]-[/JLPIOST]
[2018-09-20 10:13:24][JLPIOST]-[PROCESS_INIT_END_OF_STREAM]-[/JLPIOST]
[2018-09-20 10:13:25]user.dir:C:\Users\bkuczynski\babun\.babun\cygwin\home\bkuczynski\workspace\priv\cnet_1_demo\platform\application\gateway
[2018-09-20 10:13:25]temp.dir:C:\Users\bkuczynski\babun\.babun\cygwin\home\bkuczynski\workspace\priv\cnet_1_demo\platform\start\temp
[2018-09-20 10:13:26]  .   ____          _            __ _ _
[2018-09-20 10:13:26] /\\ / ___'_ __ _ _(_)_ __  __ _ \ \ \ \
[2018-09-20 10:13:26]( ( )\___ | '_ | '_| | '_ \/ _` | \ \ \ \
[2018-09-20 10:13:26] \\/  ___)| |_)| | | | | || (_| |  ) ) ) )
[2018-09-20 10:13:26]  '  |____| .__|_| |_|_| |_\__, | / / / /
[2018-09-20 10:13:26] =========|_|==============|___/=/_/_/_/
[2018-09-20 10:13:26] :: Spring Boot ::        (v2.0.2.RELEASE)
[2018-09-20 10:13:29]bad log file exists try delete them:C:\Users\bkuczynski\babun\.babun\cygwin\home\bkuczynski\workspace\priv\cnet_1_demo\platform\application\logs
[2018-09-20 10:26:49]microservice:gateway identity by os microservice id:3416 started correctly
[2018-09-20 10:26:49]memory state for local server after start microservice:
total memory:183.0 megabytes
free  memory:75.3  megabytes
used  memory:107.7 megabytes
max   memory:512.0 megabytes
[2018-09-20 10:26:49]microservice identity by os microservice id:3416 for microservice:gateway initialized correctly
[2018-09-20 10:26:49][JLPIT]-[PROCESS_ID]3416[/PROCESS_ID]-[/JLPIT]
[2018-09-20 10:26:49][JLPIOST]-[PROCESS_INIT_SUCCESS]-[/JLPIOST]
[2018-09-20 10:26:49][JLPIOST]-[PROCESS_INIT_END_OF_STREAM]-[/JLPIOST]
[2018-09-20 10:26:49]user.dir:C:\Users\bkuczynski\babun\.babun\cygwin\home\bkuczynski\workspace\priv\cnet_1_demo\platform\application\gateway
[2018-09-20 10:26:49]temp.dir:C:\Users\bkuczynski\babun\.babun\cygwin\home\bkuczynski\workspace\priv\cnet_1_demo\platform\start\temp
[2018-09-20 10:26:50]  .   ____          _            __ _ _
[2018-09-20 10:26:50] /\\ / ___'_ __ _ _(_)_ __  __ _ \ \ \ \
[2018-09-20 10:26:50]( ( )\___ | '_ | '_| | '_ \/ _` | \ \ \ \
[2018-09-20 10:26:50] \\/  ___)| |_)| | | | | || (_| |  ) ) ) )
[2018-09-20 10:26:50]  '  |____| .__|_| |_|_| |_\__, | / / / /
[2018-09-20 10:26:50] =========|_|==============|___/=/_/_/_/
[2018-09-20 10:26:50] :: Spring Boot ::        (v2.0.2.RELEASE)
[2018-09-20 10:26:54]servers are starting now and this operation takes so far:5 seconds (5242 milliseconds)
[2018-09-20 10:26:54]bad log file exists try delete them:C:\Users\bkuczynski\babun\.babun\cygwin\home\bkuczynski\workspace\priv\cnet_1_demo\platform\application\logs
[2018-09-20 10:28:30]microservice:gateway identity by os microservice id:6708 started correctly
[2018-09-20 10:28:30]memory state for local server after start microservice:
total memory:183.0 megabytes
free  memory:73.6  megabytes
used  memory:109.4 megabytes
max   memory:512.0 megabytes
[2018-09-20 10:28:30]microservice identity by os microservice id:6708 for microservice:gateway initialized correctly
[2018-09-20 10:28:30][JLPIT]-[PROCESS_ID]6708[/PROCESS_ID]-[/JLPIT]
[2018-09-20 10:28:30][JLPIOST]-[PROCESS_INIT_SUCCESS]-[/JLPIOST]
[2018-09-20 10:28:30][JLPIOST]-[PROCESS_INIT_END_OF_STREAM]-[/JLPIOST]
[2018-09-20 10:28:30]user.dir:C:\Users\bkuczynski\babun\.babun\cygwin\home\bkuczynski\workspace\priv\cnet_1_demo\platform\application\gateway
[2018-09-20 10:28:30]temp.dir:C:\Users\bkuczynski\babun\.babun\cygwin\home\bkuczynski\workspace\priv\cnet_1_demo\platform\start\temp
[2018-09-20 10:28:31]  .   ____          _            __ _ _
[2018-09-20 10:28:31] /\\ / ___'_ __ _ _(_)_ __  __ _ \ \ \ \
[2018-09-20 10:28:31]( ( )\___ | '_ | '_| | '_ \/ _` | \ \ \ \
[2018-09-20 10:28:31] \\/  ___)| |_)| | | | | || (_| |  ) ) ) )
[2018-09-20 10:28:31]  '  |____| .__|_| |_|_| |_\__, | / / / /
[2018-09-20 10:28:31] =========|_|==============|___/=/_/_/_/
[2018-09-20 10:28:31] :: Spring Boot ::        (v2.0.2.RELEASE)
[2018-09-20 10:28:35]servers are starting now and this operation takes so far:5 seconds (5245 milliseconds)
[2018-09-20 10:28:37]bad log file exists try delete them:C:\Users\bkuczynski\babun\.babun\cygwin\home\bkuczynski\workspace\priv\cnet_1_demo\platform\application\logs
[2018-09-20 10:28:37]all microservers for microservice:gateway started correctly
[2018-09-20 10:28:37]servers are starting now and this operation takes so far:7 seconds (7322 milliseconds)
[2018-09-20 11:15:23]microservice:gateway identity by os microservice id:15200 started correctly
[2018-09-20 11:15:23]memory state for local server after start microservice:
total memory:182.0 megabytes
free  memory:74.5  megabytes
used  memory:107.5 megabytes
max   memory:512.0 megabytes
[2018-09-20 11:15:23]microservice identity by os microservice id:15200 for microservice:gateway initialized correctly
[2018-09-20 11:15:23][JLPIT]-[PROCESS_ID]15200[/PROCESS_ID]-[/JLPIT]
[2018-09-20 11:15:23][JLPIOST]-[PROCESS_INIT_SUCCESS]-[/JLPIOST]
[2018-09-20 11:15:23][JLPIOST]-[PROCESS_INIT_END_OF_STREAM]-[/JLPIOST]
[2018-09-20 11:15:23]user.dir:C:\Users\bkuczynski\babun\.babun\cygwin\home\bkuczynski\workspace\priv\cnet_1_demo\platform\application\gateway
[2018-09-20 11:15:23]temp.dir:C:\Users\bkuczynski\babun\.babun\cygwin\home\bkuczynski\workspace\priv\cnet_1_demo\platform\start\temp
[2018-09-20 11:15:25]  .   ____          _            __ _ _
[2018-09-20 11:15:25] /\\ / ___'_ __ _ _(_)_ __  __ _ \ \ \ \
[2018-09-20 11:15:25]( ( )\___ | '_ | '_| | '_ \/ _` | \ \ \ \
[2018-09-20 11:15:25] \\/  ___)| |_)| | | | | || (_| |  ) ) ) )
[2018-09-20 11:15:25]  '  |____| .__|_| |_|_| |_\__, | / / / /
[2018-09-20 11:15:25] =========|_|==============|___/=/_/_/_/
[2018-09-20 11:15:25] :: Spring Boot ::        (v2.0.2.RELEASE)
[2018-09-20 11:15:29]servers are starting now and this operation takes so far:5 seconds (5278 milliseconds)
[2018-09-20 11:15:33]bad log file exists try delete them:C:\Users\bkuczynski\babun\.babun\cygwin\home\bkuczynski\workspace\priv\cnet_1_demo\platform\application\logs
[2018-09-20 11:15:33]all microservers for microservice:gateway started correctly
[2018-09-20 11:15:33]servers are starting now and this operation takes so far:9 seconds (9155 milliseconds)
[2018-09-20 11:23:17]microservice:gateway identity by os microservice id:4456 started correctly
[2018-09-20 11:23:17]memory state for local server after start microservice:
total memory:163.0 megabytes
free  memory:35.2  megabytes
used  memory:127.8 megabytes
max   memory:512.0 megabytes
[2018-09-20 11:23:17]microservice identity by os microservice id:4456 for microservice:gateway initialized correctly
[2018-09-20 11:23:17][JLPIT]-[PROCESS_ID]4456[/PROCESS_ID]-[/JLPIT]
[2018-09-20 11:23:17][JLPIOST]-[PROCESS_INIT_SUCCESS]-[/JLPIOST]
[2018-09-20 11:23:17][JLPIOST]-[PROCESS_INIT_END_OF_STREAM]-[/JLPIOST]
[2018-09-20 11:23:17]user.dir:C:\Users\bkuczynski\babun\.babun\cygwin\home\bkuczynski\workspace\priv\cnet_1_demo\platform\application\gateway
[2018-09-20 11:23:17]temp.dir:C:\Users\bkuczynski\babun\.babun\cygwin\home\bkuczynski\workspace\priv\cnet_1_demo\platform\start\temp
[2018-09-20 11:23:18]  .   ____          _            __ _ _
[2018-09-20 11:23:18] /\\ / ___'_ __ _ _(_)_ __  __ _ \ \ \ \
[2018-09-20 11:23:18]( ( )\___ | '_ | '_| | '_ \/ _` | \ \ \ \
[2018-09-20 11:23:18] \\/  ___)| |_)| | | | | || (_| |  ) ) ) )
[2018-09-20 11:23:18]  '  |____| .__|_| |_|_| |_\__, | / / / /
[2018-09-20 11:23:18] =========|_|==============|___/=/_/_/_/
[2018-09-20 11:23:18] :: Spring Boot ::        (v2.0.2.RELEASE)
[2018-09-20 11:23:22]servers are starting now and this operation takes so far:5 seconds (5092 milliseconds)
[2018-09-20 11:23:24]bad log file exists try delete them:C:\Users\bkuczynski\babun\.babun\cygwin\home\bkuczynski\workspace\priv\cnet_1_demo\platform\application\logs
[2018-09-20 11:23:24]all microservers for microservice:gateway started correctly
[2018-09-20 11:23:24]servers are starting now and this operation takes so far:6 seconds (6914 milliseconds)
