[2018-09-19 12:33:32]input stream reader for microservice:customer, process id:13756 correctly initialized
[2018-09-19 12:33:32]error stream reader for microservice:customer, process id:13756 correctly initialized
[2018-09-19 12:33:44]input stream reader for microservice:order, process id:12452 correctly initialized
[2018-09-19 12:33:44]error stream reader for microservice:order, process id:12452 correctly initialized
[2018-09-19 12:34:06]input stream reader for microservice:gateway, process id:2604 correctly initialized
[2018-09-19 12:34:06]error stream reader for microservice:gateway, process id:2604 correctly initialized
[2018-09-19 12:49:42]input stream reader for microservice:customer, process id:10868 correctly initialized
[2018-09-19 12:49:42]error stream reader for microservice:customer, process id:10868 correctly initialized
[2018-09-19 12:49:53]input stream reader for microservice:order, process id:11552 correctly initialized
[2018-09-19 12:49:53]error stream reader for microservice:order, process id:11552 correctly initialized
[2018-09-19 12:50:18]input stream reader for microservice:gateway, process id:10424 correctly initialized
[2018-09-19 12:50:18]error stream reader for microservice:gateway, process id:10424 correctly initialized
[2018-09-19 13:01:57]input stream reader for microservice:customer, process id:15484 correctly initialized
[2018-09-19 13:01:57]error stream reader for microservice:customer, process id:15484 correctly initialized
[2018-09-19 13:02:06]input stream reader for microservice:order, process id:14360 correctly initialized
[2018-09-19 13:02:06]error stream reader for microservice:order, process id:14360 correctly initialized
[2018-09-19 13:02:29]input stream reader for microservice:gateway, process id:8696 correctly initialized
[2018-09-19 13:02:29]error stream reader for microservice:gateway, process id:8696 correctly initialized
[2018-09-19 13:44:00]input stream reader for microservice:customer, process id:8524 correctly initialized
[2018-09-19 13:44:00]error stream reader for microservice:customer, process id:8524 correctly initialized
[2018-09-19 14:40:54]input stream reader for microservice:customer, process id:4064 correctly initialized
[2018-09-19 14:40:54]error stream reader for microservice:customer, process id:4064 correctly initialized
[2018-09-19 14:41:07]input stream reader for microservice:order, process id:14100 correctly initialized
[2018-09-19 14:41:07]error stream reader for microservice:order, process id:14100 correctly initialized
[2018-09-19 14:41:26]input stream reader for microservice:gateway, process id:4860 correctly initialized
[2018-09-19 14:41:26]error stream reader for microservice:gateway, process id:4860 correctly initialized
[2018-09-19 16:09:51]input stream reader for microservice:customer, process id:1712 correctly initialized
[2018-09-19 16:09:51]error stream reader for microservice:customer, process id:1712 correctly initialized
[2018-09-19 16:10:03]input stream reader for microservice:order, process id:16376 correctly initialized
[2018-09-19 16:10:03]error stream reader for microservice:order, process id:16376 correctly initialized
[2018-09-19 16:10:23]input stream reader for microservice:gateway, process id:6196 correctly initialized
[2018-09-19 16:10:23]error stream reader for microservice:gateway, process id:6196 correctly initialized
[2018-09-19 16:15:14]input stream reader for microservice:customer, process id:8364 correctly initialized
[2018-09-19 16:15:14]error stream reader for microservice:customer, process id:8364 correctly initialized
[2018-09-19 16:15:24]input stream reader for microservice:order, process id:756 correctly initialized
[2018-09-19 16:15:24]error stream reader for microservice:order, process id:756 correctly initialized
[2018-09-19 16:15:44]input stream reader for microservice:gateway, process id:8132 correctly initialized
[2018-09-19 16:15:44]error stream reader for microservice:gateway, process id:8132 correctly initialized
[2018-09-19 16:16:31]input stream reader for microservice:customer, process id:13632 correctly initialized
[2018-09-19 16:16:31]error stream reader for microservice:customer, process id:13632 correctly initialized
[2018-09-19 16:16:46]input stream reader for microservice:order, process id:14132 correctly initialized
[2018-09-19 16:16:46]error stream reader for microservice:order, process id:14132 correctly initialized
[2018-09-19 16:17:34]input stream reader for microservice:gateway, process id:2084 correctly initialized
[2018-09-19 16:17:34]error stream reader for microservice:gateway, process id:2084 correctly initialized
[2018-09-20 10:08:50]input stream reader for microservice:order, process id:15372 correctly initialized
[2018-09-20 10:08:50]error stream reader for microservice:order, process id:15372 correctly initialized
[2018-09-20 10:08:59]input stream reader for microservice:customer, process id:11184 correctly initialized
[2018-09-20 10:08:59]error stream reader for microservice:customer, process id:11184 correctly initialized
[2018-09-20 10:09:12]input stream reader for microservice:gateway, process id:2828 correctly initialized
[2018-09-20 10:09:12]error stream reader for microservice:gateway, process id:2828 correctly initialized
[2018-09-20 10:12:51]input stream reader for microservice:customer, process id:7964 correctly initialized
[2018-09-20 10:12:51]error stream reader for microservice:customer, process id:7964 correctly initialized
[2018-09-20 10:13:02]input stream reader for microservice:order, process id:8140 correctly initialized
[2018-09-20 10:13:02]error stream reader for microservice:order, process id:8140 correctly initialized
[2018-09-20 10:26:33]input stream reader for microservice:order, process id:4028 correctly initialized
[2018-09-20 10:26:33]error stream reader for microservice:order, process id:4028 correctly initialized
[2018-09-20 10:26:42]input stream reader for microservice:customer, process id:3512 correctly initialized
[2018-09-20 10:26:42]error stream reader for microservice:customer, process id:3512 correctly initialized
[2018-09-20 10:28:01]input stream reader for microservice:customer, process id:900 correctly initialized
[2018-09-20 10:28:01]error stream reader for microservice:customer, process id:900 correctly initialized
[2018-09-20 10:28:14]input stream reader for microservice:order, process id:15096 correctly initialized
[2018-09-20 10:28:14]error stream reader for microservice:order, process id:15096 correctly initialized
[2018-09-20 10:28:37]input stream reader for microservice:gateway, process id:6708 correctly initialized
[2018-09-20 10:28:37]error stream reader for microservice:gateway, process id:6708 correctly initialized
[2018-09-20 11:14:45]input stream reader for microservice:customer, process id:2312 correctly initialized
[2018-09-20 11:14:45]error stream reader for microservice:customer, process id:2312 correctly initialized
[2018-09-20 11:15:03]input stream reader for microservice:order, process id:7584 correctly initialized
[2018-09-20 11:15:03]error stream reader for microservice:order, process id:7584 correctly initialized
[2018-09-20 11:15:33]input stream reader for microservice:gateway, process id:15200 correctly initialized
[2018-09-20 11:15:33]error stream reader for microservice:gateway, process id:15200 correctly initialized
[2018-09-20 11:22:47]input stream reader for microservice:customer, process id:3808 correctly initialized
[2018-09-20 11:22:47]error stream reader for microservice:customer, process id:3808 correctly initialized
[2018-09-20 11:23:00]input stream reader for microservice:order, process id:11412 correctly initialized
[2018-09-20 11:23:00]error stream reader for microservice:order, process id:11412 correctly initialized
[2018-09-20 11:23:24]input stream reader for microservice:gateway, process id:4456 correctly initialized
[2018-09-20 11:23:24]error stream reader for microservice:gateway, process id:4456 correctly initialized
