2018-09-19 12:20:04,342|AUDIT|control|7b37b062-524b-126e-3592-f23cdfadc0bf|Typed command: 'help'.
2018-09-19 12:20:24,858|AUDIT|control|7b37b062-524b-126e-3592-f23cdfadc0bf|Typed command: 'node start'.
2018-09-19 12:20:31,850|AUDIT|control|7b37b062-524b-126e-3592-f23cdfadc0bf|Typed command: 'microservice list'.
2018-09-19 12:20:33,019|ERROR|control|7b37b062-524b-126e-3592-f23cdfadc0bf|Error
com.jlupin.tools.server.command.executor.runner.exception.ServerCommandRunnerNotConnectedException: Cannot connect to the node 127.0.0.1:9096 due to: unavailability of TRANSMISSION port. Check the state of the Main Server, network configuration (firewall, routing) and console logs to get more details.
	at com.jlupin.tools.server.command.executor.runner.impl.ServerCommandRunnerImpl.catchErrors(ServerCommandRunnerImpl.java:1439) ~[jlupin-server-command-executor-1.5.0.2.jar:?]
	at com.jlupin.tools.server.command.executor.runner.impl.ServerCommandRunnerImpl.echoServer(ServerCommandRunnerImpl.java:507) ~[jlupin-server-command-executor-1.5.0.2.jar:?]
	at com.jlupin.console.command.executor.impl.microservice.MicroserviceListCommandExecutorImpl.execute(MicroserviceListCommandExecutorImpl.java:36) ~[control-1.5.0.1.jar:?]
	at com.jlupin.console.command.executor.base.BaseCommandExecutorWithServerCommandRunnerImpl.execute(BaseCommandExecutorWithServerCommandRunnerImpl.java:95) ~[control-1.5.0.1.jar:?]
	at com.jlupin.console.command.runner.impl.CommandRunnerImpl.lambda$doRunCommand$0(CommandRunnerImpl.java:253) ~[control-1.5.0.1.jar:?]
	at java.util.concurrent.FutureTask.run(FutureTask.java:266) [?:1.8.0_161]
	at java.util.concurrent.ThreadPoolExecutor.runWorker(ThreadPoolExecutor.java:1149) [?:1.8.0_161]
	at java.util.concurrent.ThreadPoolExecutor$Worker.run(ThreadPoolExecutor.java:624) [?:1.8.0_161]
	at java.lang.Thread.run(Thread.java:748) [?:1.8.0_161]
Caused by: com.jlupin.tools.server.command.executor.forwarder.exceptions.ServerTransmissionCommandForwarderNotConnectedException: Cannot connect to the node 127.0.0.1:9096 due to: unavailability of TRANSMISSION port. Check the state of the Main Server, network configuration (firewall, routing) and console logs to get more details.
	at com.jlupin.tools.server.command.executor.forwarder.impl.ServerTransmissionCommandForwarderImpl.doExecute(ServerTransmissionCommandForwarderImpl.java:1132) ~[jlupin-server-command-executor-1.5.0.2.jar:?]
	at com.jlupin.tools.server.command.executor.forwarder.impl.ServerTransmissionCommandForwarderImpl.execute(ServerTransmissionCommandForwarderImpl.java:934) ~[jlupin-server-command-executor-1.5.0.2.jar:?]
	at com.jlupin.tools.server.command.executor.forwarder.impl.ServerTransmissionCommandForwarderImpl.echo(ServerTransmissionCommandForwarderImpl.java:374) ~[jlupin-server-command-executor-1.5.0.2.jar:?]
	at com.jlupin.tools.server.command.executor.runner.impl.ServerCommandRunnerImpl.lambda$echoServer$20(ServerCommandRunnerImpl.java:511) ~[jlupin-server-command-executor-1.5.0.2.jar:?]
	at com.jlupin.tools.server.command.executor.runner.impl.ServerCommandRunnerImpl.catchErrors(ServerCommandRunnerImpl.java:1435) ~[jlupin-server-command-executor-1.5.0.2.jar:?]
	... 8 more
Caused by: com.jlupin.entrypoint.command.forwarder.exception.JLupinEntryPointCommandForwarderNotConnectedException: an error occurred during connecting with destination caused by:
	at com.jlupin.entrypoint.command.forwarder.base.main.transmission.JLupinBaseMainServerTransmissionEntryPointCommandForwarder.forwardCommand(JLupinBaseMainServerTransmissionEntryPointCommandForwarder.java:82) ~[jlupin-client-assembly-1.5.0.2.jar:1.5.0.2]
	at com.jlupin.entrypoint.command.forwarder.transmission.main.JLupinMainServerTransmissionEntryPointCommandForwarder.forwardCommand(JLupinMainServerTransmissionEntryPointCommandForwarder.java:36) ~[jlupin-client-assembly-1.5.0.2.jar:1.5.0.2]
	at com.jlupin.tools.server.command.executor.forwarder.impl.ServerTransmissionCommandForwarderImpl.doExecute(ServerTransmissionCommandForwarderImpl.java:1039) ~[jlupin-server-command-executor-1.5.0.2.jar:?]
	at com.jlupin.tools.server.command.executor.forwarder.impl.ServerTransmissionCommandForwarderImpl.execute(ServerTransmissionCommandForwarderImpl.java:934) ~[jlupin-server-command-executor-1.5.0.2.jar:?]
	at com.jlupin.tools.server.command.executor.forwarder.impl.ServerTransmissionCommandForwarderImpl.echo(ServerTransmissionCommandForwarderImpl.java:374) ~[jlupin-server-command-executor-1.5.0.2.jar:?]
	at com.jlupin.tools.server.command.executor.runner.impl.ServerCommandRunnerImpl.lambda$echoServer$20(ServerCommandRunnerImpl.java:511) ~[jlupin-server-command-executor-1.5.0.2.jar:?]
	at com.jlupin.tools.server.command.executor.runner.impl.ServerCommandRunnerImpl.catchErrors(ServerCommandRunnerImpl.java:1435) ~[jlupin-server-command-executor-1.5.0.2.jar:?]
	... 8 more
Caused by: com.jlupin.impl.util.communication.exception.JLupinCommunicationProtocolUtilSocketFactoryException: can not connect by client socket described by address:127.0.0.1, port:9096, connection timeout:1000, read timeout:300000. One of the reasons may be that you are trying to connect to the non ssl port but your client sends an ssl connection - error caused by:
	at com.jlupin.impl.util.communication.factory.socket.impl.ssl.JLupinSSLCommunicationProtocolUtilSocketFactoryImpl.produceOpenSocket(JLupinSSLCommunicationProtocolUtilSocketFactoryImpl.java:51) ~[jlupin-client-assembly-1.5.0.2.jar:1.5.0.2]
	at com.jlupin.entrypoint.command.forwarder.base.main.transmission.JLupinBaseMainServerTransmissionEntryPointCommandForwarder.forwardCommand(JLupinBaseMainServerTransmissionEntryPointCommandForwarder.java:41) ~[jlupin-client-assembly-1.5.0.2.jar:1.5.0.2]
	at com.jlupin.entrypoint.command.forwarder.transmission.main.JLupinMainServerTransmissionEntryPointCommandForwarder.forwardCommand(JLupinMainServerTransmissionEntryPointCommandForwarder.java:36) ~[jlupin-client-assembly-1.5.0.2.jar:1.5.0.2]
	at com.jlupin.tools.server.command.executor.forwarder.impl.ServerTransmissionCommandForwarderImpl.doExecute(ServerTransmissionCommandForwarderImpl.java:1039) ~[jlupin-server-command-executor-1.5.0.2.jar:?]
	at com.jlupin.tools.server.command.executor.forwarder.impl.ServerTransmissionCommandForwarderImpl.execute(ServerTransmissionCommandForwarderImpl.java:934) ~[jlupin-server-command-executor-1.5.0.2.jar:?]
	at com.jlupin.tools.server.command.executor.forwarder.impl.ServerTransmissionCommandForwarderImpl.echo(ServerTransmissionCommandForwarderImpl.java:374) ~[jlupin-server-command-executor-1.5.0.2.jar:?]
	at com.jlupin.tools.server.command.executor.runner.impl.ServerCommandRunnerImpl.lambda$echoServer$20(ServerCommandRunnerImpl.java:511) ~[jlupin-server-command-executor-1.5.0.2.jar:?]
	at com.jlupin.tools.server.command.executor.runner.impl.ServerCommandRunnerImpl.catchErrors(ServerCommandRunnerImpl.java:1435) ~[jlupin-server-command-executor-1.5.0.2.jar:?]
	... 8 more
Caused by: java.net.SocketTimeoutException: connect timed out
	at java.net.DualStackPlainSocketImpl.waitForConnect(Native Method) ~[?:1.8.0_161]
	at java.net.DualStackPlainSocketImpl.socketConnect(DualStackPlainSocketImpl.java:85) ~[?:1.8.0_161]
	at java.net.AbstractPlainSocketImpl.doConnect(AbstractPlainSocketImpl.java:350) ~[?:1.8.0_161]
	at java.net.AbstractPlainSocketImpl.connectToAddress(AbstractPlainSocketImpl.java:206) ~[?:1.8.0_161]
	at java.net.AbstractPlainSocketImpl.connect(AbstractPlainSocketImpl.java:188) ~[?:1.8.0_161]
	at java.net.PlainSocketImpl.connect(PlainSocketImpl.java:172) ~[?:1.8.0_161]
	at java.net.SocksSocketImpl.connect(SocksSocketImpl.java:392) ~[?:1.8.0_161]
	at java.net.Socket.connect(Socket.java:589) ~[?:1.8.0_161]
	at sun.security.ssl.SSLSocketImpl.connect(SSLSocketImpl.java:673) ~[?:1.8.0_161]
	at com.jlupin.impl.util.communication.factory.socket.impl.ssl.JLupinSSLCommunicationProtocolUtilSocketFactoryImpl.produceOpenSocket(JLupinSSLCommunicationProtocolUtilSocketFactoryImpl.java:44) ~[jlupin-client-assembly-1.5.0.2.jar:1.5.0.2]
	at com.jlupin.entrypoint.command.forwarder.base.main.transmission.JLupinBaseMainServerTransmissionEntryPointCommandForwarder.forwardCommand(JLupinBaseMainServerTransmissionEntryPointCommandForwarder.java:41) ~[jlupin-client-assembly-1.5.0.2.jar:1.5.0.2]
	at com.jlupin.entrypoint.command.forwarder.transmission.main.JLupinMainServerTransmissionEntryPointCommandForwarder.forwardCommand(JLupinMainServerTransmissionEntryPointCommandForwarder.java:36) ~[jlupin-client-assembly-1.5.0.2.jar:1.5.0.2]
	at com.jlupin.tools.server.command.executor.forwarder.impl.ServerTransmissionCommandForwarderImpl.doExecute(ServerTransmissionCommandForwarderImpl.java:1039) ~[jlupin-server-command-executor-1.5.0.2.jar:?]
	at com.jlupin.tools.server.command.executor.forwarder.impl.ServerTransmissionCommandForwarderImpl.execute(ServerTransmissionCommandForwarderImpl.java:934) ~[jlupin-server-command-executor-1.5.0.2.jar:?]
	at com.jlupin.tools.server.command.executor.forwarder.impl.ServerTransmissionCommandForwarderImpl.echo(ServerTransmissionCommandForwarderImpl.java:374) ~[jlupin-server-command-executor-1.5.0.2.jar:?]
	at com.jlupin.tools.server.command.executor.runner.impl.ServerCommandRunnerImpl.lambda$echoServer$20(ServerCommandRunnerImpl.java:511) ~[jlupin-server-command-executor-1.5.0.2.jar:?]
	at com.jlupin.tools.server.command.executor.runner.impl.ServerCommandRunnerImpl.catchErrors(ServerCommandRunnerImpl.java:1435) ~[jlupin-server-command-executor-1.5.0.2.jar:?]
	... 8 more
2018-09-19 12:20:37,401|AUDIT|control|7b37b062-524b-126e-3592-f23cdfadc0bf|Typed command: 'node status'.
2018-09-19 12:20:38,405|ERROR|control|7b37b062-524b-126e-3592-f23cdfadc0bf|Error
com.jlupin.tools.server.command.executor.runner.exception.ServerCommandRunnerException: Unexpected error occurred. Check console logs for details.
	at com.jlupin.tools.server.command.executor.runner.impl.ServerCommandRunnerImpl.catchErrors(ServerCommandRunnerImpl.java:1443) ~[jlupin-server-command-executor-1.5.0.2.jar:?]
	at com.jlupin.tools.server.command.executor.runner.impl.ServerCommandRunnerImpl.getMainServerName(ServerCommandRunnerImpl.java:1060) ~[jlupin-server-command-executor-1.5.0.2.jar:?]
	at com.jlupin.console.command.executor.impl.node.NodeStatusCommandExecutorImpl.execute(NodeStatusCommandExecutorImpl.java:33) ~[control-1.5.0.1.jar:?]
	at com.jlupin.console.command.executor.base.BaseCommandExecutorWithServerCommandRunnerImpl.execute(BaseCommandExecutorWithServerCommandRunnerImpl.java:95) ~[control-1.5.0.1.jar:?]
	at com.jlupin.console.command.runner.impl.CommandRunnerImpl.lambda$doRunCommand$0(CommandRunnerImpl.java:253) ~[control-1.5.0.1.jar:?]
	at java.util.concurrent.FutureTask.run(FutureTask.java:266) [?:1.8.0_161]
	at java.util.concurrent.ThreadPoolExecutor.runWorker(ThreadPoolExecutor.java:1149) [?:1.8.0_161]
	at java.util.concurrent.ThreadPoolExecutor$Worker.run(ThreadPoolExecutor.java:624) [?:1.8.0_161]
	at java.lang.Thread.run(Thread.java:748) [?:1.8.0_161]
Caused by: com.jlupin.tools.server.command.executor.runner.exception.ServerCommandRunnerNotConnectedException: Cannot connect to the node 127.0.0.1:9096 due to: unavailability of TRANSMISSION port. Check the state of the Main Server, network configuration (firewall, routing) and console logs to get more details.
	at com.jlupin.tools.server.command.executor.runner.impl.ServerCommandRunnerImpl.catchErrors(ServerCommandRunnerImpl.java:1439) ~[jlupin-server-command-executor-1.5.0.2.jar:?]
	at com.jlupin.tools.server.command.executor.runner.impl.ServerCommandRunnerImpl.getMainServerConfigurationAttributes(ServerCommandRunnerImpl.java:1237) ~[jlupin-server-command-executor-1.5.0.2.jar:?]
	at com.jlupin.tools.server.command.executor.runner.impl.ServerCommandRunnerImpl.lambda$getMainServerName$48(ServerCommandRunnerImpl.java:1061) ~[jlupin-server-command-executor-1.5.0.2.jar:?]
	at com.jlupin.tools.server.command.executor.runner.impl.ServerCommandRunnerImpl.catchErrors(ServerCommandRunnerImpl.java:1435) ~[jlupin-server-command-executor-1.5.0.2.jar:?]
	... 8 more
Caused by: com.jlupin.tools.server.command.executor.forwarder.exceptions.ServerTransmissionCommandForwarderNotConnectedException: Cannot connect to the node 127.0.0.1:9096 due to: unavailability of TRANSMISSION port. Check the state of the Main Server, network configuration (firewall, routing) and console logs to get more details.
	at com.jlupin.tools.server.command.executor.forwarder.impl.ServerTransmissionCommandForwarderImpl.doExecute(ServerTransmissionCommandForwarderImpl.java:1132) ~[jlupin-server-command-executor-1.5.0.2.jar:?]
	at com.jlupin.tools.server.command.executor.forwarder.impl.ServerTransmissionCommandForwarderImpl.executeWithCache(ServerTransmissionCommandForwarderImpl.java:1009) ~[jlupin-server-command-executor-1.5.0.2.jar:?]
	at com.jlupin.tools.server.command.executor.forwarder.impl.ServerTransmissionCommandForwarderImpl.getMainServerConfigurationAsMap(ServerTransmissionCommandForwarderImpl.java:335) ~[jlupin-server-command-executor-1.5.0.2.jar:?]
	at com.jlupin.tools.server.command.executor.runner.impl.ServerCommandRunnerImpl.lambda$getMainServerConfigurationAttributes$56(ServerCommandRunnerImpl.java:1241) ~[jlupin-server-command-executor-1.5.0.2.jar:?]
	at com.jlupin.tools.server.command.executor.runner.impl.ServerCommandRunnerImpl.catchErrors(ServerCommandRunnerImpl.java:1435) ~[jlupin-server-command-executor-1.5.0.2.jar:?]
	at com.jlupin.tools.server.command.executor.runner.impl.ServerCommandRunnerImpl.getMainServerConfigurationAttributes(ServerCommandRunnerImpl.java:1237) ~[jlupin-server-command-executor-1.5.0.2.jar:?]
	at com.jlupin.tools.server.command.executor.runner.impl.ServerCommandRunnerImpl.lambda$getMainServerName$48(ServerCommandRunnerImpl.java:1061) ~[jlupin-server-command-executor-1.5.0.2.jar:?]
	at com.jlupin.tools.server.command.executor.runner.impl.ServerCommandRunnerImpl.catchErrors(ServerCommandRunnerImpl.java:1435) ~[jlupin-server-command-executor-1.5.0.2.jar:?]
	... 8 more
Caused by: com.jlupin.entrypoint.command.forwarder.exception.JLupinEntryPointCommandForwarderNotConnectedException: an error occurred during connecting with destination caused by:
	at com.jlupin.entrypoint.command.forwarder.base.main.transmission.JLupinBaseMainServerTransmissionEntryPointCommandForwarder.forwardCommand(JLupinBaseMainServerTransmissionEntryPointCommandForwarder.java:82) ~[jlupin-client-assembly-1.5.0.2.jar:1.5.0.2]
	at com.jlupin.entrypoint.command.forwarder.transmission.main.JLupinMainServerTransmissionEntryPointCommandForwarder.forwardCommand(JLupinMainServerTransmissionEntryPointCommandForwarder.java:36) ~[jlupin-client-assembly-1.5.0.2.jar:1.5.0.2]
	at com.jlupin.tools.server.command.executor.forwarder.impl.ServerTransmissionCommandForwarderImpl.doExecute(ServerTransmissionCommandForwarderImpl.java:1039) ~[jlupin-server-command-executor-1.5.0.2.jar:?]
	at com.jlupin.tools.server.command.executor.forwarder.impl.ServerTransmissionCommandForwarderImpl.executeWithCache(ServerTransmissionCommandForwarderImpl.java:1009) ~[jlupin-server-command-executor-1.5.0.2.jar:?]
	at com.jlupin.tools.server.command.executor.forwarder.impl.ServerTransmissionCommandForwarderImpl.getMainServerConfigurationAsMap(ServerTransmissionCommandForwarderImpl.java:335) ~[jlupin-server-command-executor-1.5.0.2.jar:?]
	at com.jlupin.tools.server.command.executor.runner.impl.ServerCommandRunnerImpl.lambda$getMainServerConfigurationAttributes$56(ServerCommandRunnerImpl.java:1241) ~[jlupin-server-command-executor-1.5.0.2.jar:?]
	at com.jlupin.tools.server.command.executor.runner.impl.ServerCommandRunnerImpl.catchErrors(ServerCommandRunnerImpl.java:1435) ~[jlupin-server-command-executor-1.5.0.2.jar:?]
	at com.jlupin.tools.server.command.executor.runner.impl.ServerCommandRunnerImpl.getMainServerConfigurationAttributes(ServerCommandRunnerImpl.java:1237) ~[jlupin-server-command-executor-1.5.0.2.jar:?]
	at com.jlupin.tools.server.command.executor.runner.impl.ServerCommandRunnerImpl.lambda$getMainServerName$48(ServerCommandRunnerImpl.java:1061) ~[jlupin-server-command-executor-1.5.0.2.jar:?]
	at com.jlupin.tools.server.command.executor.runner.impl.ServerCommandRunnerImpl.catchErrors(ServerCommandRunnerImpl.java:1435) ~[jlupin-server-command-executor-1.5.0.2.jar:?]
	... 8 more
Caused by: com.jlupin.impl.util.communication.exception.JLupinCommunicationProtocolUtilSocketFactoryException: can not connect by client socket described by address:127.0.0.1, port:9096, connection timeout:1000, read timeout:300000. One of the reasons may be that you are trying to connect to the non ssl port but your client sends an ssl connection - error caused by:
	at com.jlupin.impl.util.communication.factory.socket.impl.ssl.JLupinSSLCommunicationProtocolUtilSocketFactoryImpl.produceOpenSocket(JLupinSSLCommunicationProtocolUtilSocketFactoryImpl.java:51) ~[jlupin-client-assembly-1.5.0.2.jar:1.5.0.2]
	at com.jlupin.entrypoint.command.forwarder.base.main.transmission.JLupinBaseMainServerTransmissionEntryPointCommandForwarder.forwardCommand(JLupinBaseMainServerTransmissionEntryPointCommandForwarder.java:41) ~[jlupin-client-assembly-1.5.0.2.jar:1.5.0.2]
	at com.jlupin.entrypoint.command.forwarder.transmission.main.JLupinMainServerTransmissionEntryPointCommandForwarder.forwardCommand(JLupinMainServerTransmissionEntryPointCommandForwarder.java:36) ~[jlupin-client-assembly-1.5.0.2.jar:1.5.0.2]
	at com.jlupin.tools.server.command.executor.forwarder.impl.ServerTransmissionCommandForwarderImpl.doExecute(ServerTransmissionCommandForwarderImpl.java:1039) ~[jlupin-server-command-executor-1.5.0.2.jar:?]
	at com.jlupin.tools.server.command.executor.forwarder.impl.ServerTransmissionCommandForwarderImpl.executeWithCache(ServerTransmissionCommandForwarderImpl.java:1009) ~[jlupin-server-command-executor-1.5.0.2.jar:?]
	at com.jlupin.tools.server.command.executor.forwarder.impl.ServerTransmissionCommandForwarderImpl.getMainServerConfigurationAsMap(ServerTransmissionCommandForwarderImpl.java:335) ~[jlupin-server-command-executor-1.5.0.2.jar:?]
	at com.jlupin.tools.server.command.executor.runner.impl.ServerCommandRunnerImpl.lambda$getMainServerConfigurationAttributes$56(ServerCommandRunnerImpl.java:1241) ~[jlupin-server-command-executor-1.5.0.2.jar:?]
	at com.jlupin.tools.server.command.executor.runner.impl.ServerCommandRunnerImpl.catchErrors(ServerCommandRunnerImpl.java:1435) ~[jlupin-server-command-executor-1.5.0.2.jar:?]
	at com.jlupin.tools.server.command.executor.runner.impl.ServerCommandRunnerImpl.getMainServerConfigurationAttributes(ServerCommandRunnerImpl.java:1237) ~[jlupin-server-command-executor-1.5.0.2.jar:?]
	at com.jlupin.tools.server.command.executor.runner.impl.ServerCommandRunnerImpl.lambda$getMainServerName$48(ServerCommandRunnerImpl.java:1061) ~[jlupin-server-command-executor-1.5.0.2.jar:?]
	at com.jlupin.tools.server.command.executor.runner.impl.ServerCommandRunnerImpl.catchErrors(ServerCommandRunnerImpl.java:1435) ~[jlupin-server-command-executor-1.5.0.2.jar:?]
	... 8 more
Caused by: java.net.SocketTimeoutException: connect timed out
	at java.net.DualStackPlainSocketImpl.waitForConnect(Native Method) ~[?:1.8.0_161]
	at java.net.DualStackPlainSocketImpl.socketConnect(DualStackPlainSocketImpl.java:85) ~[?:1.8.0_161]
	at java.net.AbstractPlainSocketImpl.doConnect(AbstractPlainSocketImpl.java:350) ~[?:1.8.0_161]
	at java.net.AbstractPlainSocketImpl.connectToAddress(AbstractPlainSocketImpl.java:206) ~[?:1.8.0_161]
	at java.net.AbstractPlainSocketImpl.connect(AbstractPlainSocketImpl.java:188) ~[?:1.8.0_161]
	at java.net.PlainSocketImpl.connect(PlainSocketImpl.java:172) ~[?:1.8.0_161]
	at java.net.SocksSocketImpl.connect(SocksSocketImpl.java:392) ~[?:1.8.0_161]
	at java.net.Socket.connect(Socket.java:589) ~[?:1.8.0_161]
	at sun.security.ssl.SSLSocketImpl.connect(SSLSocketImpl.java:673) ~[?:1.8.0_161]
	at com.jlupin.impl.util.communication.factory.socket.impl.ssl.JLupinSSLCommunicationProtocolUtilSocketFactoryImpl.produceOpenSocket(JLupinSSLCommunicationProtocolUtilSocketFactoryImpl.java:44) ~[jlupin-client-assembly-1.5.0.2.jar:1.5.0.2]
	at com.jlupin.entrypoint.command.forwarder.base.main.transmission.JLupinBaseMainServerTransmissionEntryPointCommandForwarder.forwardCommand(JLupinBaseMainServerTransmissionEntryPointCommandForwarder.java:41) ~[jlupin-client-assembly-1.5.0.2.jar:1.5.0.2]
	at com.jlupin.entrypoint.command.forwarder.transmission.main.JLupinMainServerTransmissionEntryPointCommandForwarder.forwardCommand(JLupinMainServerTransmissionEntryPointCommandForwarder.java:36) ~[jlupin-client-assembly-1.5.0.2.jar:1.5.0.2]
	at com.jlupin.tools.server.command.executor.forwarder.impl.ServerTransmissionCommandForwarderImpl.doExecute(ServerTransmissionCommandForwarderImpl.java:1039) ~[jlupin-server-command-executor-1.5.0.2.jar:?]
	at com.jlupin.tools.server.command.executor.forwarder.impl.ServerTransmissionCommandForwarderImpl.executeWithCache(ServerTransmissionCommandForwarderImpl.java:1009) ~[jlupin-server-command-executor-1.5.0.2.jar:?]
	at com.jlupin.tools.server.command.executor.forwarder.impl.ServerTransmissionCommandForwarderImpl.getMainServerConfigurationAsMap(ServerTransmissionCommandForwarderImpl.java:335) ~[jlupin-server-command-executor-1.5.0.2.jar:?]
	at com.jlupin.tools.server.command.executor.runner.impl.ServerCommandRunnerImpl.lambda$getMainServerConfigurationAttributes$56(ServerCommandRunnerImpl.java:1241) ~[jlupin-server-command-executor-1.5.0.2.jar:?]
	at com.jlupin.tools.server.command.executor.runner.impl.ServerCommandRunnerImpl.catchErrors(ServerCommandRunnerImpl.java:1435) ~[jlupin-server-command-executor-1.5.0.2.jar:?]
	at com.jlupin.tools.server.command.executor.runner.impl.ServerCommandRunnerImpl.getMainServerConfigurationAttributes(ServerCommandRunnerImpl.java:1237) ~[jlupin-server-command-executor-1.5.0.2.jar:?]
	at com.jlupin.tools.server.command.executor.runner.impl.ServerCommandRunnerImpl.lambda$getMainServerName$48(ServerCommandRunnerImpl.java:1061) ~[jlupin-server-command-executor-1.5.0.2.jar:?]
	at com.jlupin.tools.server.command.executor.runner.impl.ServerCommandRunnerImpl.catchErrors(ServerCommandRunnerImpl.java:1435) ~[jlupin-server-command-executor-1.5.0.2.jar:?]
	... 8 more
2018-09-19 12:20:38,408|ERROR|control|7b37b062-524b-126e-3592-f23cdfadc0bf|Error
com.jlupin.tools.server.command.executor.runner.exception.ServerCommandRunnerException: Unexpected error occurred. Check console logs for details.
	at com.jlupin.tools.server.command.executor.runner.impl.ServerCommandRunnerImpl.catchErrors(ServerCommandRunnerImpl.java:1443) ~[jlupin-server-command-executor-1.5.0.2.jar:?]
	at com.jlupin.tools.server.command.executor.runner.impl.ServerCommandRunnerImpl.getMainServerZone(ServerCommandRunnerImpl.java:1077) ~[jlupin-server-command-executor-1.5.0.2.jar:?]
	at com.jlupin.console.command.executor.impl.node.NodeStatusCommandExecutorImpl.execute(NodeStatusCommandExecutorImpl.java:41) ~[control-1.5.0.1.jar:?]
	at com.jlupin.console.command.executor.base.BaseCommandExecutorWithServerCommandRunnerImpl.execute(BaseCommandExecutorWithServerCommandRunnerImpl.java:95) ~[control-1.5.0.1.jar:?]
	at com.jlupin.console.command.runner.impl.CommandRunnerImpl.lambda$doRunCommand$0(CommandRunnerImpl.java:253) ~[control-1.5.0.1.jar:?]
	at java.util.concurrent.FutureTask.run(FutureTask.java:266) [?:1.8.0_161]
	at java.util.concurrent.ThreadPoolExecutor.runWorker(ThreadPoolExecutor.java:1149) [?:1.8.0_161]
	at java.util.concurrent.ThreadPoolExecutor$Worker.run(ThreadPoolExecutor.java:624) [?:1.8.0_161]
	at java.lang.Thread.run(Thread.java:748) [?:1.8.0_161]
Caused by: com.jlupin.tools.server.command.executor.runner.exception.ServerCommandRunnerNotConnectedException: Cannot connect to the node 127.0.0.1:9096 due to: unavailability of TRANSMISSION port. Check the state of the Main Server, network configuration (firewall, routing) and console logs to get more details.
	at com.jlupin.tools.server.command.executor.runner.impl.ServerCommandRunnerImpl.catchErrors(ServerCommandRunnerImpl.java:1439) ~[jlupin-server-command-executor-1.5.0.2.jar:?]
	at com.jlupin.tools.server.command.executor.runner.impl.ServerCommandRunnerImpl.getMainServerConfigurationAttributes(ServerCommandRunnerImpl.java:1237) ~[jlupin-server-command-executor-1.5.0.2.jar:?]
	at com.jlupin.tools.server.command.executor.runner.impl.ServerCommandRunnerImpl.lambda$getMainServerZone$49(ServerCommandRunnerImpl.java:1078) ~[jlupin-server-command-executor-1.5.0.2.jar:?]
	at com.jlupin.tools.server.command.executor.runner.impl.ServerCommandRunnerImpl.catchErrors(ServerCommandRunnerImpl.java:1435) ~[jlupin-server-command-executor-1.5.0.2.jar:?]
	... 8 more
Caused by: com.jlupin.tools.server.command.executor.forwarder.exceptions.ServerTransmissionCommandForwarderNotConnectedException: Cannot connect to the node 127.0.0.1:9096 due to: unavailability of TRANSMISSION port. Check the state of the Main Server, network configuration (firewall, routing) and console logs to get more details.
	at com.jlupin.tools.server.command.executor.forwarder.impl.ServerTransmissionCommandForwarderImpl.doExecute(ServerTransmissionCommandForwarderImpl.java:1132) ~[jlupin-server-command-executor-1.5.0.2.jar:?]
	at com.jlupin.tools.server.command.executor.forwarder.impl.ServerTransmissionCommandForwarderImpl.executeWithCache(ServerTransmissionCommandForwarderImpl.java:1009) ~[jlupin-server-command-executor-1.5.0.2.jar:?]
	at com.jlupin.tools.server.command.executor.forwarder.impl.ServerTransmissionCommandForwarderImpl.getMainServerConfigurationAsMap(ServerTransmissionCommandForwarderImpl.java:335) ~[jlupin-server-command-executor-1.5.0.2.jar:?]
	at com.jlupin.tools.server.command.executor.runner.impl.ServerCommandRunnerImpl.lambda$getMainServerConfigurationAttributes$56(ServerCommandRunnerImpl.java:1241) ~[jlupin-server-command-executor-1.5.0.2.jar:?]
	at com.jlupin.tools.server.command.executor.runner.impl.ServerCommandRunnerImpl.catchErrors(ServerCommandRunnerImpl.java:1435) ~[jlupin-server-command-executor-1.5.0.2.jar:?]
	at com.jlupin.tools.server.command.executor.runner.impl.ServerCommandRunnerImpl.getMainServerConfigurationAttributes(ServerCommandRunnerImpl.java:1237) ~[jlupin-server-command-executor-1.5.0.2.jar:?]
	at com.jlupin.tools.server.command.executor.runner.impl.ServerCommandRunnerImpl.lambda$getMainServerName$48(ServerCommandRunnerImpl.java:1061) ~[jlupin-server-command-executor-1.5.0.2.jar:?]
	at com.jlupin.tools.server.command.executor.runner.impl.ServerCommandRunnerImpl.catchErrors(ServerCommandRunnerImpl.java:1435) ~[jlupin-server-command-executor-1.5.0.2.jar:?]
	at com.jlupin.tools.server.command.executor.runner.impl.ServerCommandRunnerImpl.getMainServerName(ServerCommandRunnerImpl.java:1060) ~[jlupin-server-command-executor-1.5.0.2.jar:?]
	at com.jlupin.console.command.executor.impl.node.NodeStatusCommandExecutorImpl.execute(NodeStatusCommandExecutorImpl.java:33) ~[control-1.5.0.1.jar:?]
	... 6 more
Caused by: com.jlupin.entrypoint.command.forwarder.exception.JLupinEntryPointCommandForwarderNotConnectedException: an error occurred during connecting with destination caused by:
	at com.jlupin.entrypoint.command.forwarder.base.main.transmission.JLupinBaseMainServerTransmissionEntryPointCommandForwarder.forwardCommand(JLupinBaseMainServerTransmissionEntryPointCommandForwarder.java:82) ~[jlupin-client-assembly-1.5.0.2.jar:1.5.0.2]
	at com.jlupin.entrypoint.command.forwarder.transmission.main.JLupinMainServerTransmissionEntryPointCommandForwarder.forwardCommand(JLupinMainServerTransmissionEntryPointCommandForwarder.java:36) ~[jlupin-client-assembly-1.5.0.2.jar:1.5.0.2]
	at com.jlupin.tools.server.command.executor.forwarder.impl.ServerTransmissionCommandForwarderImpl.doExecute(ServerTransmissionCommandForwarderImpl.java:1039) ~[jlupin-server-command-executor-1.5.0.2.jar:?]
	at com.jlupin.tools.server.command.executor.forwarder.impl.ServerTransmissionCommandForwarderImpl.executeWithCache(ServerTransmissionCommandForwarderImpl.java:1009) ~[jlupin-server-command-executor-1.5.0.2.jar:?]
	at com.jlupin.tools.server.command.executor.forwarder.impl.ServerTransmissionCommandForwarderImpl.getMainServerConfigurationAsMap(ServerTransmissionCommandForwarderImpl.java:335) ~[jlupin-server-command-executor-1.5.0.2.jar:?]
	at com.jlupin.tools.server.command.executor.runner.impl.ServerCommandRunnerImpl.lambda$getMainServerConfigurationAttributes$56(ServerCommandRunnerImpl.java:1241) ~[jlupin-server-command-executor-1.5.0.2.jar:?]
	at com.jlupin.tools.server.command.executor.runner.impl.ServerCommandRunnerImpl.catchErrors(ServerCommandRunnerImpl.java:1435) ~[jlupin-server-command-executor-1.5.0.2.jar:?]
	at com.jlupin.tools.server.command.executor.runner.impl.ServerCommandRunnerImpl.getMainServerConfigurationAttributes(ServerCommandRunnerImpl.java:1237) ~[jlupin-server-command-executor-1.5.0.2.jar:?]
	at com.jlupin.tools.server.command.executor.runner.impl.ServerCommandRunnerImpl.lambda$getMainServerName$48(ServerCommandRunnerImpl.java:1061) ~[jlupin-server-command-executor-1.5.0.2.jar:?]
	at com.jlupin.tools.server.command.executor.runner.impl.ServerCommandRunnerImpl.catchErrors(ServerCommandRunnerImpl.java:1435) ~[jlupin-server-command-executor-1.5.0.2.jar:?]
	at com.jlupin.tools.server.command.executor.runner.impl.ServerCommandRunnerImpl.getMainServerName(ServerCommandRunnerImpl.java:1060) ~[jlupin-server-command-executor-1.5.0.2.jar:?]
	at com.jlupin.console.command.executor.impl.node.NodeStatusCommandExecutorImpl.execute(NodeStatusCommandExecutorImpl.java:33) ~[control-1.5.0.1.jar:?]
	... 6 more
Caused by: com.jlupin.impl.util.communication.exception.JLupinCommunicationProtocolUtilSocketFactoryException: can not connect by client socket described by address:127.0.0.1, port:9096, connection timeout:1000, read timeout:300000. One of the reasons may be that you are trying to connect to the non ssl port but your client sends an ssl connection - error caused by:
	at com.jlupin.impl.util.communication.factory.socket.impl.ssl.JLupinSSLCommunicationProtocolUtilSocketFactoryImpl.produceOpenSocket(JLupinSSLCommunicationProtocolUtilSocketFactoryImpl.java:51) ~[jlupin-client-assembly-1.5.0.2.jar:1.5.0.2]
	at com.jlupin.entrypoint.command.forwarder.base.main.transmission.JLupinBaseMainServerTransmissionEntryPointCommandForwarder.forwardCommand(JLupinBaseMainServerTransmissionEntryPointCommandForwarder.java:41) ~[jlupin-client-assembly-1.5.0.2.jar:1.5.0.2]
	at com.jlupin.entrypoint.command.forwarder.transmission.main.JLupinMainServerTransmissionEntryPointCommandForwarder.forwardCommand(JLupinMainServerTransmissionEntryPointCommandForwarder.java:36) ~[jlupin-client-assembly-1.5.0.2.jar:1.5.0.2]
	at com.jlupin.tools.server.command.executor.forwarder.impl.ServerTransmissionCommandForwarderImpl.doExecute(ServerTransmissionCommandForwarderImpl.java:1039) ~[jlupin-server-command-executor-1.5.0.2.jar:?]
	at com.jlupin.tools.server.command.executor.forwarder.impl.ServerTransmissionCommandForwarderImpl.executeWithCache(ServerTransmissionCommandForwarderImpl.java:1009) ~[jlupin-server-command-executor-1.5.0.2.jar:?]
	at com.jlupin.tools.server.command.executor.forwarder.impl.ServerTransmissionCommandForwarderImpl.getMainServerConfigurationAsMap(ServerTransmissionCommandForwarderImpl.java:335) ~[jlupin-server-command-executor-1.5.0.2.jar:?]
	at com.jlupin.tools.server.command.executor.runner.impl.ServerCommandRunnerImpl.lambda$getMainServerConfigurationAttributes$56(ServerCommandRunnerImpl.java:1241) ~[jlupin-server-command-executor-1.5.0.2.jar:?]
	at com.jlupin.tools.server.command.executor.runner.impl.ServerCommandRunnerImpl.catchErrors(ServerCommandRunnerImpl.java:1435) ~[jlupin-server-command-executor-1.5.0.2.jar:?]
	at com.jlupin.tools.server.command.executor.runner.impl.ServerCommandRunnerImpl.getMainServerConfigurationAttributes(ServerCommandRunnerImpl.java:1237) ~[jlupin-server-command-executor-1.5.0.2.jar:?]
	at com.jlupin.tools.server.command.executor.runner.impl.ServerCommandRunnerImpl.lambda$getMainServerName$48(ServerCommandRunnerImpl.java:1061) ~[jlupin-server-command-executor-1.5.0.2.jar:?]
	at com.jlupin.tools.server.command.executor.runner.impl.ServerCommandRunnerImpl.catchErrors(ServerCommandRunnerImpl.java:1435) ~[jlupin-server-command-executor-1.5.0.2.jar:?]
	at com.jlupin.tools.server.command.executor.runner.impl.ServerCommandRunnerImpl.getMainServerName(ServerCommandRunnerImpl.java:1060) ~[jlupin-server-command-executor-1.5.0.2.jar:?]
	at com.jlupin.console.command.executor.impl.node.NodeStatusCommandExecutorImpl.execute(NodeStatusCommandExecutorImpl.java:33) ~[control-1.5.0.1.jar:?]
	... 6 more
Caused by: java.net.SocketTimeoutException: connect timed out
	at java.net.DualStackPlainSocketImpl.waitForConnect(Native Method) ~[?:1.8.0_161]
	at java.net.DualStackPlainSocketImpl.socketConnect(DualStackPlainSocketImpl.java:85) ~[?:1.8.0_161]
	at java.net.AbstractPlainSocketImpl.doConnect(AbstractPlainSocketImpl.java:350) ~[?:1.8.0_161]
	at java.net.AbstractPlainSocketImpl.connectToAddress(AbstractPlainSocketImpl.java:206) ~[?:1.8.0_161]
	at java.net.AbstractPlainSocketImpl.connect(AbstractPlainSocketImpl.java:188) ~[?:1.8.0_161]
	at java.net.PlainSocketImpl.connect(PlainSocketImpl.java:172) ~[?:1.8.0_161]
	at java.net.SocksSocketImpl.connect(SocksSocketImpl.java:392) ~[?:1.8.0_161]
	at java.net.Socket.connect(Socket.java:589) ~[?:1.8.0_161]
	at sun.security.ssl.SSLSocketImpl.connect(SSLSocketImpl.java:673) ~[?:1.8.0_161]
	at com.jlupin.impl.util.communication.factory.socket.impl.ssl.JLupinSSLCommunicationProtocolUtilSocketFactoryImpl.produceOpenSocket(JLupinSSLCommunicationProtocolUtilSocketFactoryImpl.java:44) ~[jlupin-client-assembly-1.5.0.2.jar:1.5.0.2]
	at com.jlupin.entrypoint.command.forwarder.base.main.transmission.JLupinBaseMainServerTransmissionEntryPointCommandForwarder.forwardCommand(JLupinBaseMainServerTransmissionEntryPointCommandForwarder.java:41) ~[jlupin-client-assembly-1.5.0.2.jar:1.5.0.2]
	at com.jlupin.entrypoint.command.forwarder.transmission.main.JLupinMainServerTransmissionEntryPointCommandForwarder.forwardCommand(JLupinMainServerTransmissionEntryPointCommandForwarder.java:36) ~[jlupin-client-assembly-1.5.0.2.jar:1.5.0.2]
	at com.jlupin.tools.server.command.executor.forwarder.impl.ServerTransmissionCommandForwarderImpl.doExecute(ServerTransmissionCommandForwarderImpl.java:1039) ~[jlupin-server-command-executor-1.5.0.2.jar:?]
	at com.jlupin.tools.server.command.executor.forwarder.impl.ServerTransmissionCommandForwarderImpl.executeWithCache(ServerTransmissionCommandForwarderImpl.java:1009) ~[jlupin-server-command-executor-1.5.0.2.jar:?]
	at com.jlupin.tools.server.command.executor.forwarder.impl.ServerTransmissionCommandForwarderImpl.getMainServerConfigurationAsMap(ServerTransmissionCommandForwarderImpl.java:335) ~[jlupin-server-command-executor-1.5.0.2.jar:?]
	at com.jlupin.tools.server.command.executor.runner.impl.ServerCommandRunnerImpl.lambda$getMainServerConfigurationAttributes$56(ServerCommandRunnerImpl.java:1241) ~[jlupin-server-command-executor-1.5.0.2.jar:?]
	at com.jlupin.tools.server.command.executor.runner.impl.ServerCommandRunnerImpl.catchErrors(ServerCommandRunnerImpl.java:1435) ~[jlupin-server-command-executor-1.5.0.2.jar:?]
	at com.jlupin.tools.server.command.executor.runner.impl.ServerCommandRunnerImpl.getMainServerConfigurationAttributes(ServerCommandRunnerImpl.java:1237) ~[jlupin-server-command-executor-1.5.0.2.jar:?]
	at com.jlupin.tools.server.command.executor.runner.impl.ServerCommandRunnerImpl.lambda$getMainServerName$48(ServerCommandRunnerImpl.java:1061) ~[jlupin-server-command-executor-1.5.0.2.jar:?]
	at com.jlupin.tools.server.command.executor.runner.impl.ServerCommandRunnerImpl.catchErrors(ServerCommandRunnerImpl.java:1435) ~[jlupin-server-command-executor-1.5.0.2.jar:?]
	at com.jlupin.tools.server.command.executor.runner.impl.ServerCommandRunnerImpl.getMainServerName(ServerCommandRunnerImpl.java:1060) ~[jlupin-server-command-executor-1.5.0.2.jar:?]
	at com.jlupin.console.command.executor.impl.node.NodeStatusCommandExecutorImpl.execute(NodeStatusCommandExecutorImpl.java:33) ~[control-1.5.0.1.jar:?]
	... 6 more
2018-09-19 12:20:40,413|ERROR|control|7b37b062-524b-126e-3592-f23cdfadc0bf|Error
com.jlupin.tools.server.command.executor.runner.exception.ServerCommandRunnerNotConnectedException: Cannot connect to the node 127.0.0.1:9096 due to: unavailability of TRANSMISSION port. Check the state of the Main Server, network configuration (firewall, routing) and console logs to get more details.
	at com.jlupin.tools.server.command.executor.runner.impl.ServerCommandRunnerImpl.catchErrors(ServerCommandRunnerImpl.java:1439) ~[jlupin-server-command-executor-1.5.0.2.jar:?]
	at com.jlupin.tools.server.command.executor.runner.impl.ServerCommandRunnerImpl.getMicroservicesNames(ServerCommandRunnerImpl.java:1094) ~[jlupin-server-command-executor-1.5.0.2.jar:?]
	at com.jlupin.console.command.executor.impl.node.NodeStatusCommandExecutorImpl.execute(NodeStatusCommandExecutorImpl.java:85) ~[control-1.5.0.1.jar:?]
	at com.jlupin.console.command.executor.base.BaseCommandExecutorWithServerCommandRunnerImpl.execute(BaseCommandExecutorWithServerCommandRunnerImpl.java:95) ~[control-1.5.0.1.jar:?]
	at com.jlupin.console.command.runner.impl.CommandRunnerImpl.lambda$doRunCommand$0(CommandRunnerImpl.java:253) ~[control-1.5.0.1.jar:?]
	at java.util.concurrent.FutureTask.run(FutureTask.java:266) [?:1.8.0_161]
	at java.util.concurrent.ThreadPoolExecutor.runWorker(ThreadPoolExecutor.java:1149) [?:1.8.0_161]
	at java.util.concurrent.ThreadPoolExecutor$Worker.run(ThreadPoolExecutor.java:624) [?:1.8.0_161]
	at java.lang.Thread.run(Thread.java:748) [?:1.8.0_161]
Caused by: com.jlupin.tools.server.command.executor.forwarder.exceptions.ServerTransmissionCommandForwarderNotConnectedException: Cannot connect to the node 127.0.0.1:9096 due to: unavailability of TRANSMISSION port. Check the state of the Main Server, network configuration (firewall, routing) and console logs to get more details.
	at com.jlupin.tools.server.command.executor.forwarder.impl.ServerTransmissionCommandForwarderImpl.doExecute(ServerTransmissionCommandForwarderImpl.java:1132) ~[jlupin-server-command-executor-1.5.0.2.jar:?]
	at com.jlupin.tools.server.command.executor.forwarder.impl.ServerTransmissionCommandForwarderImpl.executeWithCache(ServerTransmissionCommandForwarderImpl.java:1009) ~[jlupin-server-command-executor-1.5.0.2.jar:?]
	at com.jlupin.tools.server.command.executor.forwarder.impl.ServerTransmissionCommandForwarderImpl.getMicroservicesStatusMap(ServerTransmissionCommandForwarderImpl.java:245) ~[jlupin-server-command-executor-1.5.0.2.jar:?]
	at com.jlupin.tools.server.command.executor.runner.impl.ServerCommandRunnerImpl.lambda$getMicroservicesNames$50(ServerCommandRunnerImpl.java:1098) ~[jlupin-server-command-executor-1.5.0.2.jar:?]
	at com.jlupin.tools.server.command.executor.runner.impl.ServerCommandRunnerImpl.catchErrors(ServerCommandRunnerImpl.java:1435) ~[jlupin-server-command-executor-1.5.0.2.jar:?]
	... 8 more
Caused by: com.jlupin.entrypoint.command.forwarder.exception.JLupinEntryPointCommandForwarderNotConnectedException: an error occurred during connecting with destination caused by:
	at com.jlupin.entrypoint.command.forwarder.base.main.transmission.JLupinBaseMainServerTransmissionEntryPointCommandForwarder.forwardCommand(JLupinBaseMainServerTransmissionEntryPointCommandForwarder.java:82) ~[jlupin-client-assembly-1.5.0.2.jar:1.5.0.2]
	at com.jlupin.entrypoint.command.forwarder.transmission.main.JLupinMainServerTransmissionEntryPointCommandForwarder.forwardCommand(JLupinMainServerTransmissionEntryPointCommandForwarder.java:36) ~[jlupin-client-assembly-1.5.0.2.jar:1.5.0.2]
	at com.jlupin.tools.server.command.executor.forwarder.impl.ServerTransmissionCommandForwarderImpl.doExecute(ServerTransmissionCommandForwarderImpl.java:1039) ~[jlupin-server-command-executor-1.5.0.2.jar:?]
	at com.jlupin.tools.server.command.executor.forwarder.impl.ServerTransmissionCommandForwarderImpl.executeWithCache(ServerTransmissionCommandForwarderImpl.java:1009) ~[jlupin-server-command-executor-1.5.0.2.jar:?]
	at com.jlupin.tools.server.command.executor.forwarder.impl.ServerTransmissionCommandForwarderImpl.getMicroservicesStatusMap(ServerTransmissionCommandForwarderImpl.java:245) ~[jlupin-server-command-executor-1.5.0.2.jar:?]
	at com.jlupin.tools.server.command.executor.runner.impl.ServerCommandRunnerImpl.lambda$getMicroservicesNames$50(ServerCommandRunnerImpl.java:1098) ~[jlupin-server-command-executor-1.5.0.2.jar:?]
	at com.jlupin.tools.server.command.executor.runner.impl.ServerCommandRunnerImpl.catchErrors(ServerCommandRunnerImpl.java:1435) ~[jlupin-server-command-executor-1.5.0.2.jar:?]
	... 8 more
Caused by: com.jlupin.impl.util.communication.exception.JLupinCommunicationProtocolUtilSocketFactoryException: can not connect by client socket described by address:127.0.0.1, port:9096, connection timeout:1000, read timeout:300000. One of the reasons may be that you are trying to connect to the non ssl port but your client sends an ssl connection - error caused by:
	at com.jlupin.impl.util.communication.factory.socket.impl.ssl.JLupinSSLCommunicationProtocolUtilSocketFactoryImpl.produceOpenSocket(JLupinSSLCommunicationProtocolUtilSocketFactoryImpl.java:51) ~[jlupin-client-assembly-1.5.0.2.jar:1.5.0.2]
	at com.jlupin.entrypoint.command.forwarder.base.main.transmission.JLupinBaseMainServerTransmissionEntryPointCommandForwarder.forwardCommand(JLupinBaseMainServerTransmissionEntryPointCommandForwarder.java:41) ~[jlupin-client-assembly-1.5.0.2.jar:1.5.0.2]
	at com.jlupin.entrypoint.command.forwarder.transmission.main.JLupinMainServerTransmissionEntryPointCommandForwarder.forwardCommand(JLupinMainServerTransmissionEntryPointCommandForwarder.java:36) ~[jlupin-client-assembly-1.5.0.2.jar:1.5.0.2]
	at com.jlupin.tools.server.command.executor.forwarder.impl.ServerTransmissionCommandForwarderImpl.doExecute(ServerTransmissionCommandForwarderImpl.java:1039) ~[jlupin-server-command-executor-1.5.0.2.jar:?]
	at com.jlupin.tools.server.command.executor.forwarder.impl.ServerTransmissionCommandForwarderImpl.executeWithCache(ServerTransmissionCommandForwarderImpl.java:1009) ~[jlupin-server-command-executor-1.5.0.2.jar:?]
	at com.jlupin.tools.server.command.executor.forwarder.impl.ServerTransmissionCommandForwarderImpl.getMicroservicesStatusMap(ServerTransmissionCommandForwarderImpl.java:245) ~[jlupin-server-command-executor-1.5.0.2.jar:?]
	at com.jlupin.tools.server.command.executor.runner.impl.ServerCommandRunnerImpl.lambda$getMicroservicesNames$50(ServerCommandRunnerImpl.java:1098) ~[jlupin-server-command-executor-1.5.0.2.jar:?]
	at com.jlupin.tools.server.command.executor.runner.impl.ServerCommandRunnerImpl.catchErrors(ServerCommandRunnerImpl.java:1435) ~[jlupin-server-command-executor-1.5.0.2.jar:?]
	... 8 more
Caused by: java.net.SocketTimeoutException: connect timed out
	at java.net.DualStackPlainSocketImpl.waitForConnect(Native Method) ~[?:1.8.0_161]
	at java.net.DualStackPlainSocketImpl.socketConnect(DualStackPlainSocketImpl.java:85) ~[?:1.8.0_161]
	at java.net.AbstractPlainSocketImpl.doConnect(AbstractPlainSocketImpl.java:350) ~[?:1.8.0_161]
	at java.net.AbstractPlainSocketImpl.connectToAddress(AbstractPlainSocketImpl.java:206) ~[?:1.8.0_161]
	at java.net.AbstractPlainSocketImpl.connect(AbstractPlainSocketImpl.java:188) ~[?:1.8.0_161]
	at java.net.PlainSocketImpl.connect(PlainSocketImpl.java:172) ~[?:1.8.0_161]
	at java.net.SocksSocketImpl.connect(SocksSocketImpl.java:392) ~[?:1.8.0_161]
	at java.net.Socket.connect(Socket.java:589) ~[?:1.8.0_161]
	at sun.security.ssl.SSLSocketImpl.connect(SSLSocketImpl.java:673) ~[?:1.8.0_161]
	at com.jlupin.impl.util.communication.factory.socket.impl.ssl.JLupinSSLCommunicationProtocolUtilSocketFactoryImpl.produceOpenSocket(JLupinSSLCommunicationProtocolUtilSocketFactoryImpl.java:44) ~[jlupin-client-assembly-1.5.0.2.jar:1.5.0.2]
	at com.jlupin.entrypoint.command.forwarder.base.main.transmission.JLupinBaseMainServerTransmissionEntryPointCommandForwarder.forwardCommand(JLupinBaseMainServerTransmissionEntryPointCommandForwarder.java:41) ~[jlupin-client-assembly-1.5.0.2.jar:1.5.0.2]
	at com.jlupin.entrypoint.command.forwarder.transmission.main.JLupinMainServerTransmissionEntryPointCommandForwarder.forwardCommand(JLupinMainServerTransmissionEntryPointCommandForwarder.java:36) ~[jlupin-client-assembly-1.5.0.2.jar:1.5.0.2]
	at com.jlupin.tools.server.command.executor.forwarder.impl.ServerTransmissionCommandForwarderImpl.doExecute(ServerTransmissionCommandForwarderImpl.java:1039) ~[jlupin-server-command-executor-1.5.0.2.jar:?]
	at com.jlupin.tools.server.command.executor.forwarder.impl.ServerTransmissionCommandForwarderImpl.executeWithCache(ServerTransmissionCommandForwarderImpl.java:1009) ~[jlupin-server-command-executor-1.5.0.2.jar:?]
	at com.jlupin.tools.server.command.executor.forwarder.impl.ServerTransmissionCommandForwarderImpl.getMicroservicesStatusMap(ServerTransmissionCommandForwarderImpl.java:245) ~[jlupin-server-command-executor-1.5.0.2.jar:?]
	at com.jlupin.tools.server.command.executor.runner.impl.ServerCommandRunnerImpl.lambda$getMicroservicesNames$50(ServerCommandRunnerImpl.java:1098) ~[jlupin-server-command-executor-1.5.0.2.jar:?]
	at com.jlupin.tools.server.command.executor.runner.impl.ServerCommandRunnerImpl.catchErrors(ServerCommandRunnerImpl.java:1435) ~[jlupin-server-command-executor-1.5.0.2.jar:?]
	... 8 more
2018-09-19 12:20:43,603|AUDIT|control|7b37b062-524b-126e-3592-f23cdfadc0bf|Typed command: 'node start'.
2018-09-19 12:20:54,483|AUDIT|control|7b37b062-524b-126e-3592-f23cdfadc0bf|Typed command: 'exit'.
2018-09-19 12:31:38,541|AUDIT|control|a502d886-f9d7-d4e4-8204-d7986b37ca65|Typed command: 'node status'.
2018-09-19 12:31:43,307|AUDIT|control|a502d886-f9d7-d4e4-8204-d7986b37ca65|Typed command: 'microservice list'.
2018-09-19 12:33:16,884|AUDIT|control|a502d886-f9d7-d4e4-8204-d7986b37ca65|Typed command: 'microservice list'.
2018-09-19 12:33:18,890|AUDIT|control|a502d886-f9d7-d4e4-8204-d7986b37ca65|Typed command: 'microservice list'.
2018-09-19 12:33:24,327|AUDIT|control|a502d886-f9d7-d4e4-8204-d7986b37ca65|Typed command: 'microservice list'.
2018-09-19 12:33:37,393|AUDIT|control|a502d886-f9d7-d4e4-8204-d7986b37ca65|Typed command: 'microservice list'.
2018-09-19 12:33:50,871|AUDIT|control|a502d886-f9d7-d4e4-8204-d7986b37ca65|Typed command: 'microservice status'.
2018-09-19 12:34:09,170|AUDIT|control|a502d886-f9d7-d4e4-8204-d7986b37ca65|Typed command: 'show all'.
2018-09-19 12:34:20,033|AUDIT|control|a502d886-f9d7-d4e4-8204-d7986b37ca65|Typed command: 'microservice list'.
2018-09-19 12:38:03,858|AUDIT|control|a502d886-f9d7-d4e4-8204-d7986b37ca65|Typed command: 'microservice list all'.
2018-09-19 12:38:03,863|ERROR|control|a502d886-f9d7-d4e4-8204-d7986b37ca65|Command syntax exception: [microservice list all] Too many arguments.
2018-09-19 12:38:13,892|AUDIT|control|a502d886-f9d7-d4e4-8204-d7986b37ca65|Typed command: 'microservice details'.
2018-09-19 12:49:29,854|AUDIT|control|a502d886-f9d7-d4e4-8204-d7986b37ca65|Typed command: 'microservice list'.
2018-09-19 12:49:34,325|AUDIT|control|a502d886-f9d7-d4e4-8204-d7986b37ca65|Typed command: 'microservice list'.
2018-09-19 12:49:37,244|AUDIT|control|a502d886-f9d7-d4e4-8204-d7986b37ca65|Typed command: 'microservice list'.
2018-09-19 12:49:38,004|AUDIT|control|a502d886-f9d7-d4e4-8204-d7986b37ca65|Typed command: 'microservice list'.
2018-09-19 12:53:22,669|AUDIT|control|a502d886-f9d7-d4e4-8204-d7986b37ca65|Typed command: 'microservice list'.
2018-09-19 12:53:34,076|AUDIT|control|a502d886-f9d7-d4e4-8204-d7986b37ca65|Typed command: 'microservice details'.
2018-09-19 12:56:49,963|AUDIT|control|a502d886-f9d7-d4e4-8204-d7986b37ca65|Typed command: 'microservice details customer'.
2018-09-19 16:10:40,799|AUDIT|control|a502d886-f9d7-d4e4-8204-d7986b37ca65|Typed command: 'microservice details'.
2018-09-19 16:11:00,313|AUDIT|control|a502d886-f9d7-d4e4-8204-d7986b37ca65|Typed command: 'microservice list'.
2018-09-19 16:11:11,746|AUDIT|control|a502d886-f9d7-d4e4-8204-d7986b37ca65|Typed command: 'node peer'.
2018-09-19 16:11:11,747|ERROR|control|a502d886-f9d7-d4e4-8204-d7986b37ca65|Command not found: node peer.
2018-09-19 16:11:13,698|AUDIT|control|a502d886-f9d7-d4e4-8204-d7986b37ca65|Typed command: 'node peers'.
2018-09-19 16:11:20,530|AUDIT|control|a502d886-f9d7-d4e4-8204-d7986b37ca65|Typed command: 'help'.
2018-09-19 16:11:45,026|AUDIT|control|a502d886-f9d7-d4e4-8204-d7986b37ca65|Typed command: 'microservice details gateway'.
2018-09-19 18:07:02,890|AUDIT|control|a502d886-f9d7-d4e4-8204-d7986b37ca65|Typed command: 'node stop'.
2018-09-19 18:07:02,890|ERROR|control|a502d886-f9d7-d4e4-8204-d7986b37ca65|Command not found: node stop.
2018-09-19 18:07:09,938|AUDIT|control|a502d886-f9d7-d4e4-8204-d7986b37ca65|Typed command: 'node terminate'.
2018-09-19 18:07:21,444|AUDIT|control|a502d886-f9d7-d4e4-8204-d7986b37ca65|Typed command: 'quit'.
